<?xml version="1.0" encoding="UTF-8"?>
<testsuites name="Test sobre web automation" time="94" tests="4" failures="0" errors="0">
   <testsuite name="Test sobre web automation" tests="4" failures="0" errors="0" time="94" timestamp="2019-01-17 10:07:39" hostname="curso2 - curso2-PC" id="Test Suites/Test sobre web automation">
      <properties>
         <property name="deviceName" value=""/>
         <property name="devicePlatform" value=""/>
         <property name="logFolder" value="C:\\Users\\curso2\\Katalon Studio\\Test Web\\Reports\\Test sobre web automation\\20190117_100728"/>
         <property name="logFiles" value="C:\\Users\\curso2\\Katalon Studio\\Test Web\\Reports\\Test sobre web automation\\20190117_100728\\execution0.log"/>
         <property name="attachments" value=""/>
         <property name="hostName" value="curso2 - curso2-PC"/>
         <property name="os" value="Windows 7 64bit"/>
         <property name="katalonVersion" value="5.10.1.1"/>
         <property name="browser" value="Chrome 71.0.3578.98"/>
         <property name="hostAddress" value="192.168.8.102"/>
         <property name="sessionId" value="795d2bf521701095531f02e401f99e79"/>
         <property name="seleniumVersion" value="3.7.1"/>
         <property name="proxyInformation" value="ProxyInformation{proxyOption=USE_SYSTEM, proxyServerType=HTTP, password=, proxyServerAddress=, proxyServerPort=0}"/>
         <property name="platform" value="Windows 7"/>
      </properties>
      <testcase name="Test Cases/Tests/Login nuevo - Copy" classname="Test Cases/Tests/Login nuevo - Copy" status="PASSED">
         <system-out><![CDATA[2019-01-17 10:07:39 - [TEST_CASE][PASSED] - Test Cases/Tests/Login nuevo - Copy: Test Cases/Tests/Login nuevo - Copy

2019-01-17 10:07:39 - [TEST_STEP][PASSED] - openBrowser(""): Browser is opened with url: ''

2019-01-17 10:07:40 - [MESSAGE][INFO] - Starting 'Chrome' driver

2019-01-17 10:07:40 - [MESSAGE][INFO] - Action delay is set to 0 seconds

2019-01-17 10:07:50 - [MESSAGE][PASSED] - Browser is opened with url: ''

2019-01-17 10:07:50 - [TEST_STEP][PASSED] - navigateToUrl("http://executeautomation.com/demosite/Login.html"): Navigate to 'http://executeautomation.com/demosite/Login.html' successfully

2019-01-17 10:07:54 - [MESSAGE][PASSED] - Navigate to 'http://executeautomation.com/demosite/Login.html' successfully

2019-01-17 10:07:54 - [TEST_STEP][PASSED] - for ([rowNum = 1, rowNum <= findTestData("Datos importados/datos").getRowNumbers(), (rowNum++)]): null

2019-01-17 10:07:55 - [TEST_STEP][PASSED] - setText(findTestObject("Object Repository/Page_Execute Automation/input_Login_UserName"), findTestData("Datos importados/datos").getValue(1, rowNum)): Text 'admin' is set on object 'Object Repository/Page_Execute Automation/input_Login_UserName'

2019-01-17 10:07:55 - [MESSAGE][PASSED] - Text 'admin' is set on object 'Object Repository/Page_Execute Automation/input_Login_UserName'

2019-01-17 10:07:55 - [TEST_STEP][PASSED] - setText(findTestObject("Object Repository/Page_Execute Automation/input_Login_Password"), findTestData("Datos importados/datos").getValue(2, rowNum)): Text 'admin' is set on object 'Object Repository/Page_Execute Automation/input_Login_Password'

2019-01-17 10:07:55 - [MESSAGE][PASSED] - Text 'admin' is set on object 'Object Repository/Page_Execute Automation/input_Login_Password'

2019-01-17 10:07:55 - [TEST_STEP][PASSED] - Thread.sleep(3000): null

2019-01-17 10:07:58 - [TEST_STEP][PASSED] - setText(findTestObject("Object Repository/Page_Execute Automation/input_Login_UserName"), findTestData("Datos importados/datos").getValue(1, rowNum)): Text 'admin2' is set on object 'Object Repository/Page_Execute Automation/input_Login_UserName'

2019-01-17 10:07:58 - [MESSAGE][PASSED] - Text 'admin2' is set on object 'Object Repository/Page_Execute Automation/input_Login_UserName'

2019-01-17 10:07:58 - [TEST_STEP][PASSED] - setText(findTestObject("Object Repository/Page_Execute Automation/input_Login_Password"), findTestData("Datos importados/datos").getValue(2, rowNum)): Text 'admin2' is set on object 'Object Repository/Page_Execute Automation/input_Login_Password'

2019-01-17 10:07:58 - [MESSAGE][PASSED] - Text 'admin2' is set on object 'Object Repository/Page_Execute Automation/input_Login_Password'

2019-01-17 10:07:58 - [TEST_STEP][PASSED] - Thread.sleep(3000): null

2019-01-17 10:08:01 - [TEST_STEP][PASSED] - setText(findTestObject("Object Repository/Page_Execute Automation/input_Login_UserName"), findTestData("Datos importados/datos").getValue(1, rowNum)): Text 'pepe' is set on object 'Object Repository/Page_Execute Automation/input_Login_UserName'

2019-01-17 10:08:01 - [MESSAGE][PASSED] - Text 'pepe' is set on object 'Object Repository/Page_Execute Automation/input_Login_UserName'

2019-01-17 10:08:01 - [TEST_STEP][PASSED] - setText(findTestObject("Object Repository/Page_Execute Automation/input_Login_Password"), findTestData("Datos importados/datos").getValue(2, rowNum)): Text 'pass' is set on object 'Object Repository/Page_Execute Automation/input_Login_Password'

2019-01-17 10:08:01 - [MESSAGE][PASSED] - Text 'pass' is set on object 'Object Repository/Page_Execute Automation/input_Login_Password'

2019-01-17 10:08:01 - [TEST_STEP][PASSED] - Thread.sleep(3000): null

2019-01-17 10:08:04 - [TEST_STEP][PASSED] - setText(findTestObject("Object Repository/Page_Execute Automation/input_Login_UserName"), findTestData("Datos importados/datos").getValue(1, rowNum)): Text 'pepito' is set on object 'Object Repository/Page_Execute Automation/input_Login_UserName'

2019-01-17 10:08:05 - [MESSAGE][PASSED] - Text 'pepito' is set on object 'Object Repository/Page_Execute Automation/input_Login_UserName'

2019-01-17 10:08:05 - [TEST_STEP][PASSED] - setText(findTestObject("Object Repository/Page_Execute Automation/input_Login_Password"), findTestData("Datos importados/datos").getValue(2, rowNum)): Text 'nueva' is set on object 'Object Repository/Page_Execute Automation/input_Login_Password'

2019-01-17 10:08:05 - [MESSAGE][PASSED] - Text 'nueva' is set on object 'Object Repository/Page_Execute Automation/input_Login_Password'

2019-01-17 10:08:05 - [TEST_STEP][PASSED] - Thread.sleep(3000): null

2019-01-17 10:08:08 - [TEST_STEP][PASSED] - click(findTestObject("Object Repository/Page_Execute Automation/input_Login_Login")): Object: 'Object Repository/Page_Execute Automation/input_Login_Login' is clicked on

2019-01-17 10:08:08 - [MESSAGE][PASSED] - Object: 'Object Repository/Page_Execute Automation/input_Login_Login' is clicked on

2019-01-17 10:08:08 - [TEST_STEP][PASSED] - closeBrowser(): Browser is closed

2019-01-17 10:08:09 - [MESSAGE][PASSED] - Browser is closed

2019-01-17 10:08:09 - [TEST_STEP][PASSED] - verifyCheckpoint(findCheckpoint("Checkpoints/Checkpoint"), true): Checkpoint data and Source data are matched

2019-01-17 10:08:10 - [MESSAGE][PASSED] - Checkpoint data and Source data are matched]]></system-out>
         <system-err><![CDATA[]]></system-err>
      </testcase>
      <testcase name="Test Cases/Tests/Login nuevo - Copy" classname="Test Cases/Tests/Login nuevo - Copy" status="PASSED">
         <system-out><![CDATA[2019-01-17 10:08:10 - [TEST_CASE][PASSED] - Test Cases/Tests/Login nuevo - Copy: Test Cases/Tests/Login nuevo - Copy

2019-01-17 10:08:10 - [TEST_STEP][PASSED] - openBrowser(""): Browser is opened with url: ''

2019-01-17 10:08:10 - [MESSAGE][INFO] - Starting 'Chrome' driver

2019-01-17 10:08:12 - [MESSAGE][PASSED] - Browser is opened with url: ''

2019-01-17 10:08:12 - [TEST_STEP][PASSED] - navigateToUrl("http://executeautomation.com/demosite/Login.html"): Navigate to 'http://executeautomation.com/demosite/Login.html' successfully

2019-01-17 10:08:15 - [MESSAGE][PASSED] - Navigate to 'http://executeautomation.com/demosite/Login.html' successfully

2019-01-17 10:08:15 - [TEST_STEP][PASSED] - for ([rowNum = 1, rowNum <= findTestData("Datos importados/datos").getRowNumbers(), (rowNum++)]): null

2019-01-17 10:08:15 - [TEST_STEP][PASSED] - setText(findTestObject("Object Repository/Page_Execute Automation/input_Login_UserName"), findTestData("Datos importados/datos").getValue(1, rowNum)): Text 'admin' is set on object 'Object Repository/Page_Execute Automation/input_Login_UserName'

2019-01-17 10:08:15 - [MESSAGE][PASSED] - Text 'admin' is set on object 'Object Repository/Page_Execute Automation/input_Login_UserName'

2019-01-17 10:08:15 - [TEST_STEP][PASSED] - setText(findTestObject("Object Repository/Page_Execute Automation/input_Login_Password"), findTestData("Datos importados/datos").getValue(2, rowNum)): Text 'admin' is set on object 'Object Repository/Page_Execute Automation/input_Login_Password'

2019-01-17 10:08:16 - [MESSAGE][PASSED] - Text 'admin' is set on object 'Object Repository/Page_Execute Automation/input_Login_Password'

2019-01-17 10:08:16 - [TEST_STEP][PASSED] - Thread.sleep(3000): null

2019-01-17 10:08:19 - [TEST_STEP][PASSED] - setText(findTestObject("Object Repository/Page_Execute Automation/input_Login_UserName"), findTestData("Datos importados/datos").getValue(1, rowNum)): Text 'admin2' is set on object 'Object Repository/Page_Execute Automation/input_Login_UserName'

2019-01-17 10:08:19 - [MESSAGE][PASSED] - Text 'admin2' is set on object 'Object Repository/Page_Execute Automation/input_Login_UserName'

2019-01-17 10:08:19 - [TEST_STEP][PASSED] - setText(findTestObject("Object Repository/Page_Execute Automation/input_Login_Password"), findTestData("Datos importados/datos").getValue(2, rowNum)): Text 'admin2' is set on object 'Object Repository/Page_Execute Automation/input_Login_Password'

2019-01-17 10:08:19 - [MESSAGE][PASSED] - Text 'admin2' is set on object 'Object Repository/Page_Execute Automation/input_Login_Password'

2019-01-17 10:08:19 - [TEST_STEP][PASSED] - Thread.sleep(3000): null

2019-01-17 10:08:22 - [TEST_STEP][PASSED] - setText(findTestObject("Object Repository/Page_Execute Automation/input_Login_UserName"), findTestData("Datos importados/datos").getValue(1, rowNum)): Text 'pepe' is set on object 'Object Repository/Page_Execute Automation/input_Login_UserName'

2019-01-17 10:08:22 - [MESSAGE][PASSED] - Text 'pepe' is set on object 'Object Repository/Page_Execute Automation/input_Login_UserName'

2019-01-17 10:08:22 - [TEST_STEP][PASSED] - setText(findTestObject("Object Repository/Page_Execute Automation/input_Login_Password"), findTestData("Datos importados/datos").getValue(2, rowNum)): Text 'pass' is set on object 'Object Repository/Page_Execute Automation/input_Login_Password'

2019-01-17 10:08:22 - [MESSAGE][PASSED] - Text 'pass' is set on object 'Object Repository/Page_Execute Automation/input_Login_Password'

2019-01-17 10:08:22 - [TEST_STEP][PASSED] - Thread.sleep(3000): null

2019-01-17 10:08:25 - [TEST_STEP][PASSED] - setText(findTestObject("Object Repository/Page_Execute Automation/input_Login_UserName"), findTestData("Datos importados/datos").getValue(1, rowNum)): Text 'pepito' is set on object 'Object Repository/Page_Execute Automation/input_Login_UserName'

2019-01-17 10:08:25 - [MESSAGE][PASSED] - Text 'pepito' is set on object 'Object Repository/Page_Execute Automation/input_Login_UserName'

2019-01-17 10:08:25 - [TEST_STEP][PASSED] - setText(findTestObject("Object Repository/Page_Execute Automation/input_Login_Password"), findTestData("Datos importados/datos").getValue(2, rowNum)): Text 'nueva' is set on object 'Object Repository/Page_Execute Automation/input_Login_Password'

2019-01-17 10:08:25 - [MESSAGE][PASSED] - Text 'nueva' is set on object 'Object Repository/Page_Execute Automation/input_Login_Password'

2019-01-17 10:08:25 - [TEST_STEP][PASSED] - Thread.sleep(3000): null

2019-01-17 10:08:28 - [TEST_STEP][PASSED] - click(findTestObject("Object Repository/Page_Execute Automation/input_Login_Login")): Object: 'Object Repository/Page_Execute Automation/input_Login_Login' is clicked on

2019-01-17 10:08:29 - [MESSAGE][PASSED] - Object: 'Object Repository/Page_Execute Automation/input_Login_Login' is clicked on

2019-01-17 10:08:29 - [TEST_STEP][PASSED] - closeBrowser(): Browser is closed

2019-01-17 10:08:30 - [MESSAGE][PASSED] - Browser is closed

2019-01-17 10:08:30 - [TEST_STEP][PASSED] - verifyCheckpoint(findCheckpoint("Checkpoints/Checkpoint"), true): Checkpoint data and Source data are matched

2019-01-17 10:08:30 - [MESSAGE][PASSED] - Checkpoint data and Source data are matched]]></system-out>
         <system-err><![CDATA[]]></system-err>
      </testcase>
      <testcase name="Test Cases/Tests/Login nuevo - Copy" classname="Test Cases/Tests/Login nuevo - Copy" status="PASSED">
         <system-out><![CDATA[2019-01-17 10:08:30 - [TEST_CASE][PASSED] - Test Cases/Tests/Login nuevo - Copy: Test Cases/Tests/Login nuevo - Copy

2019-01-17 10:08:30 - [TEST_STEP][PASSED] - openBrowser(""): Browser is opened with url: ''

2019-01-17 10:08:30 - [MESSAGE][INFO] - Starting 'Chrome' driver

2019-01-17 10:08:32 - [MESSAGE][PASSED] - Browser is opened with url: ''

2019-01-17 10:08:32 - [TEST_STEP][PASSED] - navigateToUrl("http://executeautomation.com/demosite/Login.html"): Navigate to 'http://executeautomation.com/demosite/Login.html' successfully

2019-01-17 10:08:36 - [MESSAGE][PASSED] - Navigate to 'http://executeautomation.com/demosite/Login.html' successfully

2019-01-17 10:08:36 - [TEST_STEP][PASSED] - for ([rowNum = 1, rowNum <= findTestData("Datos importados/datos").getRowNumbers(), (rowNum++)]): null

2019-01-17 10:08:36 - [TEST_STEP][PASSED] - setText(findTestObject("Object Repository/Page_Execute Automation/input_Login_UserName"), findTestData("Datos importados/datos").getValue(1, rowNum)): Text 'admin' is set on object 'Object Repository/Page_Execute Automation/input_Login_UserName'

2019-01-17 10:08:36 - [MESSAGE][PASSED] - Text 'admin' is set on object 'Object Repository/Page_Execute Automation/input_Login_UserName'

2019-01-17 10:08:36 - [TEST_STEP][PASSED] - setText(findTestObject("Object Repository/Page_Execute Automation/input_Login_Password"), findTestData("Datos importados/datos").getValue(2, rowNum)): Text 'admin' is set on object 'Object Repository/Page_Execute Automation/input_Login_Password'

2019-01-17 10:08:36 - [MESSAGE][PASSED] - Text 'admin' is set on object 'Object Repository/Page_Execute Automation/input_Login_Password'

2019-01-17 10:08:36 - [TEST_STEP][PASSED] - Thread.sleep(3000): null

2019-01-17 10:08:39 - [TEST_STEP][PASSED] - setText(findTestObject("Object Repository/Page_Execute Automation/input_Login_UserName"), findTestData("Datos importados/datos").getValue(1, rowNum)): Text 'admin2' is set on object 'Object Repository/Page_Execute Automation/input_Login_UserName'

2019-01-17 10:08:39 - [MESSAGE][PASSED] - Text 'admin2' is set on object 'Object Repository/Page_Execute Automation/input_Login_UserName'

2019-01-17 10:08:40 - [TEST_STEP][PASSED] - setText(findTestObject("Object Repository/Page_Execute Automation/input_Login_Password"), findTestData("Datos importados/datos").getValue(2, rowNum)): Text 'admin2' is set on object 'Object Repository/Page_Execute Automation/input_Login_Password'

2019-01-17 10:08:40 - [MESSAGE][PASSED] - Text 'admin2' is set on object 'Object Repository/Page_Execute Automation/input_Login_Password'

2019-01-17 10:08:40 - [TEST_STEP][PASSED] - Thread.sleep(3000): null

2019-01-17 10:08:43 - [TEST_STEP][PASSED] - setText(findTestObject("Object Repository/Page_Execute Automation/input_Login_UserName"), findTestData("Datos importados/datos").getValue(1, rowNum)): Text 'pepe' is set on object 'Object Repository/Page_Execute Automation/input_Login_UserName'

2019-01-17 10:08:43 - [MESSAGE][PASSED] - Text 'pepe' is set on object 'Object Repository/Page_Execute Automation/input_Login_UserName'

2019-01-17 10:08:43 - [TEST_STEP][PASSED] - setText(findTestObject("Object Repository/Page_Execute Automation/input_Login_Password"), findTestData("Datos importados/datos").getValue(2, rowNum)): Text 'pass' is set on object 'Object Repository/Page_Execute Automation/input_Login_Password'

2019-01-17 10:08:43 - [MESSAGE][PASSED] - Text 'pass' is set on object 'Object Repository/Page_Execute Automation/input_Login_Password'

2019-01-17 10:08:43 - [TEST_STEP][PASSED] - Thread.sleep(3000): null

2019-01-17 10:08:46 - [TEST_STEP][PASSED] - setText(findTestObject("Object Repository/Page_Execute Automation/input_Login_UserName"), findTestData("Datos importados/datos").getValue(1, rowNum)): Text 'pepito' is set on object 'Object Repository/Page_Execute Automation/input_Login_UserName'

2019-01-17 10:08:46 - [MESSAGE][PASSED] - Text 'pepito' is set on object 'Object Repository/Page_Execute Automation/input_Login_UserName'

2019-01-17 10:08:46 - [TEST_STEP][PASSED] - setText(findTestObject("Object Repository/Page_Execute Automation/input_Login_Password"), findTestData("Datos importados/datos").getValue(2, rowNum)): Text 'nueva' is set on object 'Object Repository/Page_Execute Automation/input_Login_Password'

2019-01-17 10:08:46 - [MESSAGE][PASSED] - Text 'nueva' is set on object 'Object Repository/Page_Execute Automation/input_Login_Password'

2019-01-17 10:08:46 - [TEST_STEP][PASSED] - Thread.sleep(3000): null

2019-01-17 10:08:49 - [TEST_STEP][PASSED] - click(findTestObject("Object Repository/Page_Execute Automation/input_Login_Login")): Object: 'Object Repository/Page_Execute Automation/input_Login_Login' is clicked on

2019-01-17 10:08:49 - [MESSAGE][PASSED] - Object: 'Object Repository/Page_Execute Automation/input_Login_Login' is clicked on

2019-01-17 10:08:49 - [TEST_STEP][PASSED] - closeBrowser(): Browser is closed

2019-01-17 10:08:50 - [MESSAGE][PASSED] - Browser is closed

2019-01-17 10:08:50 - [TEST_STEP][PASSED] - verifyCheckpoint(findCheckpoint("Checkpoints/Checkpoint"), true): Checkpoint data and Source data are matched

2019-01-17 10:08:50 - [MESSAGE][PASSED] - Checkpoint data and Source data are matched]]></system-out>
         <system-err><![CDATA[]]></system-err>
      </testcase>
      <testcase name="Test Cases/Tests/Login nuevo - Copy" classname="Test Cases/Tests/Login nuevo - Copy" status="PASSED">
         <system-out><![CDATA[2019-01-17 10:08:50 - [TEST_CASE][PASSED] - Test Cases/Tests/Login nuevo - Copy: Test Cases/Tests/Login nuevo - Copy

2019-01-17 10:08:50 - [TEST_STEP][PASSED] - openBrowser(""): Browser is opened with url: ''

2019-01-17 10:08:50 - [MESSAGE][INFO] - Starting 'Chrome' driver

2019-01-17 10:08:53 - [MESSAGE][PASSED] - Browser is opened with url: ''

2019-01-17 10:08:53 - [TEST_STEP][PASSED] - navigateToUrl("http://executeautomation.com/demosite/Login.html"): Navigate to 'http://executeautomation.com/demosite/Login.html' successfully

2019-01-17 10:08:59 - [MESSAGE][PASSED] - Navigate to 'http://executeautomation.com/demosite/Login.html' successfully

2019-01-17 10:08:59 - [TEST_STEP][PASSED] - for ([rowNum = 1, rowNum <= findTestData("Datos importados/datos").getRowNumbers(), (rowNum++)]): null

2019-01-17 10:08:59 - [TEST_STEP][PASSED] - setText(findTestObject("Object Repository/Page_Execute Automation/input_Login_UserName"), findTestData("Datos importados/datos").getValue(1, rowNum)): Text 'admin' is set on object 'Object Repository/Page_Execute Automation/input_Login_UserName'

2019-01-17 10:08:59 - [MESSAGE][PASSED] - Text 'admin' is set on object 'Object Repository/Page_Execute Automation/input_Login_UserName'

2019-01-17 10:08:59 - [TEST_STEP][PASSED] - setText(findTestObject("Object Repository/Page_Execute Automation/input_Login_Password"), findTestData("Datos importados/datos").getValue(2, rowNum)): Text 'admin' is set on object 'Object Repository/Page_Execute Automation/input_Login_Password'

2019-01-17 10:09:00 - [MESSAGE][PASSED] - Text 'admin' is set on object 'Object Repository/Page_Execute Automation/input_Login_Password'

2019-01-17 10:09:00 - [TEST_STEP][PASSED] - Thread.sleep(3000): null

2019-01-17 10:09:03 - [TEST_STEP][PASSED] - setText(findTestObject("Object Repository/Page_Execute Automation/input_Login_UserName"), findTestData("Datos importados/datos").getValue(1, rowNum)): Text 'admin2' is set on object 'Object Repository/Page_Execute Automation/input_Login_UserName'

2019-01-17 10:09:03 - [MESSAGE][PASSED] - Text 'admin2' is set on object 'Object Repository/Page_Execute Automation/input_Login_UserName'

2019-01-17 10:09:03 - [TEST_STEP][PASSED] - setText(findTestObject("Object Repository/Page_Execute Automation/input_Login_Password"), findTestData("Datos importados/datos").getValue(2, rowNum)): Text 'admin2' is set on object 'Object Repository/Page_Execute Automation/input_Login_Password'

2019-01-17 10:09:03 - [MESSAGE][PASSED] - Text 'admin2' is set on object 'Object Repository/Page_Execute Automation/input_Login_Password'

2019-01-17 10:09:03 - [TEST_STEP][PASSED] - Thread.sleep(3000): null

2019-01-17 10:09:06 - [TEST_STEP][PASSED] - setText(findTestObject("Object Repository/Page_Execute Automation/input_Login_UserName"), findTestData("Datos importados/datos").getValue(1, rowNum)): Text 'pepe' is set on object 'Object Repository/Page_Execute Automation/input_Login_UserName'

2019-01-17 10:09:06 - [MESSAGE][PASSED] - Text 'pepe' is set on object 'Object Repository/Page_Execute Automation/input_Login_UserName'

2019-01-17 10:09:06 - [TEST_STEP][PASSED] - setText(findTestObject("Object Repository/Page_Execute Automation/input_Login_Password"), findTestData("Datos importados/datos").getValue(2, rowNum)): Text 'pass' is set on object 'Object Repository/Page_Execute Automation/input_Login_Password'

2019-01-17 10:09:06 - [MESSAGE][PASSED] - Text 'pass' is set on object 'Object Repository/Page_Execute Automation/input_Login_Password'

2019-01-17 10:09:06 - [TEST_STEP][PASSED] - Thread.sleep(3000): null

2019-01-17 10:09:09 - [TEST_STEP][PASSED] - setText(findTestObject("Object Repository/Page_Execute Automation/input_Login_UserName"), findTestData("Datos importados/datos").getValue(1, rowNum)): Text 'pepito' is set on object 'Object Repository/Page_Execute Automation/input_Login_UserName'

2019-01-17 10:09:09 - [MESSAGE][PASSED] - Text 'pepito' is set on object 'Object Repository/Page_Execute Automation/input_Login_UserName'

2019-01-17 10:09:09 - [TEST_STEP][PASSED] - setText(findTestObject("Object Repository/Page_Execute Automation/input_Login_Password"), findTestData("Datos importados/datos").getValue(2, rowNum)): Text 'nueva' is set on object 'Object Repository/Page_Execute Automation/input_Login_Password'

2019-01-17 10:09:09 - [MESSAGE][PASSED] - Text 'nueva' is set on object 'Object Repository/Page_Execute Automation/input_Login_Password'

2019-01-17 10:09:09 - [TEST_STEP][PASSED] - Thread.sleep(3000): null

2019-01-17 10:09:12 - [TEST_STEP][PASSED] - click(findTestObject("Object Repository/Page_Execute Automation/input_Login_Login")): Object: 'Object Repository/Page_Execute Automation/input_Login_Login' is clicked on

2019-01-17 10:09:13 - [MESSAGE][PASSED] - Object: 'Object Repository/Page_Execute Automation/input_Login_Login' is clicked on

2019-01-17 10:09:13 - [TEST_STEP][PASSED] - closeBrowser(): Browser is closed

2019-01-17 10:09:13 - [MESSAGE][PASSED] - Browser is closed

2019-01-17 10:09:13 - [TEST_STEP][PASSED] - verifyCheckpoint(findCheckpoint("Checkpoints/Checkpoint"), true): Checkpoint data and Source data are matched

2019-01-17 10:09:13 - [MESSAGE][PASSED] - Checkpoint data and Source data are matched]]></system-out>
         <system-err><![CDATA[]]></system-err>
      </testcase>
      <system-out><![CDATA[2019-01-17 10:07:39 - [TEST_SUITE][PASSED] - Test sobre web automation: Test Cases/Tests/Login nuevo - Copy]]></system-out>
      <system-err><![CDATA[]]></system-err>
   </testsuite>
</testsuites>
