<?xml version="1.0" encoding="UTF-8"?>
<testsuites name="New Test Suite" time="17" tests="1" failures="0" errors="0">
   <testsuite name="New Test Suite" tests="1" failures="0" errors="0" time="17" timestamp="2019-01-16 10:12:34" hostname="curso2 - curso2-PC" id="Test Suites/New Test Suite">
      <properties>
         <property name="deviceName" value=""/>
         <property name="devicePlatform" value=""/>
         <property name="logFolder" value="C:\\Users\\curso2\\Katalon Studio\\Test Web\\Reports\\New Test Suite\\20190116_101228"/>
         <property name="logFiles" value="C:\\Users\\curso2\\Katalon Studio\\Test Web\\Reports\\New Test Suite\\20190116_101228\\execution0.log"/>
         <property name="attachments" value=""/>
         <property name="hostName" value="curso2 - curso2-PC"/>
         <property name="os" value="Windows 7 64bit"/>
         <property name="katalonVersion" value="5.10.1.1"/>
         <property name="browser" value="Chrome 71.0.3578.98"/>
         <property name="hostAddress" value="192.168.43.120"/>
         <property name="sessionId" value="0e0443db2739e63f94b666d87cbb3922"/>
         <property name="seleniumVersion" value="3.7.1"/>
         <property name="proxyInformation" value="ProxyInformation{proxyOption=NO_PROXY, proxyServerType=HTTP, password=, proxyServerAddress=, proxyServerPort=0}"/>
         <property name="platform" value="Windows 7"/>
      </properties>
      <testcase name="Test Cases/Tests/Login" classname="Test Cases/Tests/Login" status="PASSED">
         <system-out><![CDATA[2019-01-16 10:12:34 - [TEST_CASE][PASSED] - Test Cases/Tests/Login: Test Cases/Tests/Login

2019-01-16 10:12:35 - [TEST_STEP][PASSED] - openBrowser(""): Browser is opened with url: ''

2019-01-16 10:12:35 - [MESSAGE][INFO] - Starting 'Chrome' driver

2019-01-16 10:12:35 - [MESSAGE][INFO] - Action delay is set to 0 seconds

2019-01-16 10:12:39 - [MESSAGE][PASSED] - Browser is opened with url: ''

2019-01-16 10:12:39 - [TEST_STEP][PASSED] - navigateToUrl("https://opensource-demo.orangehrmlive.com/index.php"): Navigate to 'https://opensource-demo.orangehrmlive.com/index.php' successfully

2019-01-16 10:12:44 - [MESSAGE][PASSED] - Navigate to 'https://opensource-demo.orangehrmlive.com/index.php' successfully

2019-01-16 10:12:44 - [TEST_STEP][PASSED] - setText(findTestObject("Object Repository/Page_OrangeHRM/input_LOGIN Panel_txtUsername"), "admin"): Text 'admin' is set on object 'Object Repository/Page_OrangeHRM/input_LOGIN Panel_txtUsername'

2019-01-16 10:12:44 - [MESSAGE][PASSED] - Text 'admin' is set on object 'Object Repository/Page_OrangeHRM/input_LOGIN Panel_txtUsername'

2019-01-16 10:12:44 - [TEST_STEP][PASSED] - setEncryptedText(findTestObject("Object Repository/Page_OrangeHRM/input_Username_txtPassword"), "hUKwJTbofgPU9eVlw/CnDQ=="): Text ****** has been set on object 'Object Repository/Page_OrangeHRM/input_Username_txtPassword'

2019-01-16 10:12:44 - [MESSAGE][PASSED] - Text ****** has been set on object 'Object Repository/Page_OrangeHRM/input_Username_txtPassword'

2019-01-16 10:12:44 - [TEST_STEP][PASSED] - click(findTestObject("Object Repository/Page_OrangeHRM/input_Password_Submit")): Object: 'Object Repository/Page_OrangeHRM/input_Password_Submit' is clicked on

2019-01-16 10:12:51 - [MESSAGE][PASSED] - Object: 'Object Repository/Page_OrangeHRM/input_Password_Submit' is clicked on

2019-01-16 10:12:51 - [TEST_STEP][PASSED] - closeBrowser(): Browser is closed

2019-01-16 10:12:52 - [MESSAGE][PASSED] - Browser is closed]]></system-out>
         <system-err><![CDATA[]]></system-err>
      </testcase>
      <system-out><![CDATA[2019-01-16 10:12:34 - [TEST_SUITE][PASSED] - New Test Suite: Test Cases/Tests/Login]]></system-out>
      <system-err><![CDATA[]]></system-err>
   </testsuite>
</testsuites>
