<?xml version="1.0" encoding="UTF-8"?>
<testsuites name="Test sobre web automation" time="98" tests="4" failures="0" errors="0">
   <testsuite name="Test sobre web automation" tests="4" failures="0" errors="0" time="98" timestamp="2019-01-17 10:07:00" hostname="curso2 - curso2-PC" id="Test Suites/Test sobre web automation">
      <properties>
         <property name="deviceName" value=""/>
         <property name="devicePlatform" value=""/>
         <property name="logFolder" value="C:\\Users\\curso2\\Katalon Studio\\Test Web\\Reports\\Test sobre web automation\\20190117_100653"/>
         <property name="logFiles" value="C:\\Users\\curso2\\Katalon Studio\\Test Web\\Reports\\Test sobre web automation\\20190117_100653\\execution0.log"/>
         <property name="attachments" value=""/>
         <property name="hostName" value="curso2 - curso2-PC"/>
         <property name="os" value="Windows 7 64bit"/>
         <property name="katalonVersion" value="5.10.1.1"/>
         <property name="browser" value="Chrome 71.0.3578.98"/>
         <property name="hostAddress" value="192.168.8.102"/>
         <property name="sessionId" value="3ac9292e0cbc45eb775ac188479e286a"/>
         <property name="seleniumVersion" value="3.7.1"/>
         <property name="proxyInformation" value="ProxyInformation{proxyOption=USE_SYSTEM, proxyServerType=HTTP, password=, proxyServerAddress=, proxyServerPort=0}"/>
         <property name="platform" value="Windows 7"/>
      </properties>
      <testcase name="Test Cases/Tests/Login nuevo - Copy" classname="Test Cases/Tests/Login nuevo - Copy" status="PASSED">
         <system-out><![CDATA[2019-01-17 10:07:00 - [TEST_CASE][PASSED] - Test Cases/Tests/Login nuevo - Copy: Test Cases/Tests/Login nuevo - Copy

2019-01-17 10:07:00 - [TEST_STEP][PASSED] - openBrowser(""): Browser is opened with url: ''

2019-01-17 10:07:01 - [MESSAGE][INFO] - Starting 'Chrome' driver

2019-01-17 10:07:01 - [MESSAGE][INFO] - Action delay is set to 0 seconds

2019-01-17 10:07:09 - [MESSAGE][PASSED] - Browser is opened with url: ''

2019-01-17 10:07:09 - [TEST_STEP][PASSED] - navigateToUrl("http://executeautomation.com/demosite/Login.html"): Navigate to 'http://executeautomation.com/demosite/Login.html' successfully

2019-01-17 10:07:10 - [MESSAGE][PASSED] - Navigate to 'http://executeautomation.com/demosite/Login.html' successfully

2019-01-17 10:07:10 - [TEST_STEP][PASSED] - for ([rowNum = 1, rowNum <= findTestData("Datos importados/datos").getRowNumbers(), (rowNum++)]): null

2019-01-17 10:07:11 - [TEST_STEP][PASSED] - setText(findTestObject("Object Repository/Page_Execute Automation/input_Login_UserName"), findTestData("Datos importados/datos").getValue(1, rowNum)): Text 'admin' is set on object 'Object Repository/Page_Execute Automation/input_Login_UserName'

2019-01-17 10:07:11 - [MESSAGE][PASSED] - Text 'admin' is set on object 'Object Repository/Page_Execute Automation/input_Login_UserName'

2019-01-17 10:07:11 - [TEST_STEP][PASSED] - setText(findTestObject("Object Repository/Page_Execute Automation/input_Login_Password"), findTestData("Datos importados/datos").getValue(2, rowNum)): Text 'admin' is set on object 'Object Repository/Page_Execute Automation/input_Login_Password'

2019-01-17 10:07:11 - [MESSAGE][PASSED] - Text 'admin' is set on object 'Object Repository/Page_Execute Automation/input_Login_Password'

2019-01-17 10:07:11 - [TEST_STEP][PASSED] - Thread.sleep(3000): null

2019-01-17 10:07:14 - [TEST_STEP][PASSED] - setText(findTestObject("Object Repository/Page_Execute Automation/input_Login_UserName"), findTestData("Datos importados/datos").getValue(1, rowNum)): Text 'admin2' is set on object 'Object Repository/Page_Execute Automation/input_Login_UserName'

2019-01-17 10:07:14 - [MESSAGE][PASSED] - Text 'admin2' is set on object 'Object Repository/Page_Execute Automation/input_Login_UserName'

2019-01-17 10:07:14 - [TEST_STEP][PASSED] - setText(findTestObject("Object Repository/Page_Execute Automation/input_Login_Password"), findTestData("Datos importados/datos").getValue(2, rowNum)): Text 'admin2' is set on object 'Object Repository/Page_Execute Automation/input_Login_Password'

2019-01-17 10:07:14 - [MESSAGE][PASSED] - Text 'admin2' is set on object 'Object Repository/Page_Execute Automation/input_Login_Password'

2019-01-17 10:07:14 - [TEST_STEP][PASSED] - Thread.sleep(3000): null

2019-01-17 10:07:17 - [TEST_STEP][PASSED] - setText(findTestObject("Object Repository/Page_Execute Automation/input_Login_UserName"), findTestData("Datos importados/datos").getValue(1, rowNum)): Text 'pepe' is set on object 'Object Repository/Page_Execute Automation/input_Login_UserName'

2019-01-17 10:07:17 - [MESSAGE][PASSED] - Text 'pepe' is set on object 'Object Repository/Page_Execute Automation/input_Login_UserName'

2019-01-17 10:07:17 - [TEST_STEP][PASSED] - setText(findTestObject("Object Repository/Page_Execute Automation/input_Login_Password"), findTestData("Datos importados/datos").getValue(2, rowNum)): Text 'pass' is set on object 'Object Repository/Page_Execute Automation/input_Login_Password'

2019-01-17 10:07:17 - [MESSAGE][PASSED] - Text 'pass' is set on object 'Object Repository/Page_Execute Automation/input_Login_Password'

2019-01-17 10:07:17 - [TEST_STEP][PASSED] - Thread.sleep(3000): null

2019-01-17 10:07:20 - [TEST_STEP][PASSED] - setText(findTestObject("Object Repository/Page_Execute Automation/input_Login_UserName"), findTestData("Datos importados/datos").getValue(1, rowNum)): Text 'pepito' is set on object 'Object Repository/Page_Execute Automation/input_Login_UserName'

2019-01-17 10:07:20 - [MESSAGE][PASSED] - Text 'pepito' is set on object 'Object Repository/Page_Execute Automation/input_Login_UserName'

2019-01-17 10:07:20 - [TEST_STEP][PASSED] - setText(findTestObject("Object Repository/Page_Execute Automation/input_Login_Password"), findTestData("Datos importados/datos").getValue(2, rowNum)): Text 'nueva' is set on object 'Object Repository/Page_Execute Automation/input_Login_Password'

2019-01-17 10:07:20 - [MESSAGE][PASSED] - Text 'nueva' is set on object 'Object Repository/Page_Execute Automation/input_Login_Password'

2019-01-17 10:07:20 - [TEST_STEP][PASSED] - Thread.sleep(3000): null

2019-01-17 10:07:23 - [TEST_STEP][PASSED] - click(findTestObject("Object Repository/Page_Execute Automation/input_Login_Login")): Object: 'Object Repository/Page_Execute Automation/input_Login_Login' is clicked on

2019-01-17 10:07:24 - [MESSAGE][PASSED] - Object: 'Object Repository/Page_Execute Automation/input_Login_Login' is clicked on

2019-01-17 10:07:24 - [TEST_STEP][PASSED] - closeBrowser(): Browser is closed

2019-01-17 10:07:25 - [MESSAGE][PASSED] - Browser is closed

2019-01-17 10:07:25 - [TEST_STEP][PASSED] - verifyCheckpoint(findCheckpoint("Checkpoints/Checkpoint"), true): Checkpoint data and Source data are matched

2019-01-17 10:07:25 - [MESSAGE][PASSED] - Checkpoint data and Source data are matched]]></system-out>
         <system-err><![CDATA[]]></system-err>
      </testcase>
      <testcase name="Test Cases/Tests/Login nuevo - Copy" classname="Test Cases/Tests/Login nuevo - Copy" status="PASSED">
         <system-out><![CDATA[2019-01-17 10:07:25 - [TEST_CASE][PASSED] - Test Cases/Tests/Login nuevo - Copy: Test Cases/Tests/Login nuevo - Copy

2019-01-17 10:07:25 - [TEST_STEP][PASSED] - openBrowser(""): Browser is opened with url: ''

2019-01-17 10:07:25 - [MESSAGE][INFO] - Starting 'Chrome' driver

2019-01-17 10:07:29 - [MESSAGE][PASSED] - Browser is opened with url: ''

2019-01-17 10:07:29 - [TEST_STEP][PASSED] - navigateToUrl("http://executeautomation.com/demosite/Login.html"): Navigate to 'http://executeautomation.com/demosite/Login.html' successfully

2019-01-17 10:07:34 - [MESSAGE][PASSED] - Navigate to 'http://executeautomation.com/demosite/Login.html' successfully

2019-01-17 10:07:34 - [TEST_STEP][PASSED] - for ([rowNum = 1, rowNum <= findTestData("Datos importados/datos").getRowNumbers(), (rowNum++)]): null

2019-01-17 10:07:34 - [TEST_STEP][PASSED] - setText(findTestObject("Object Repository/Page_Execute Automation/input_Login_UserName"), findTestData("Datos importados/datos").getValue(1, rowNum)): Text 'admin' is set on object 'Object Repository/Page_Execute Automation/input_Login_UserName'

2019-01-17 10:07:34 - [MESSAGE][PASSED] - Text 'admin' is set on object 'Object Repository/Page_Execute Automation/input_Login_UserName'

2019-01-17 10:07:34 - [TEST_STEP][PASSED] - setText(findTestObject("Object Repository/Page_Execute Automation/input_Login_Password"), findTestData("Datos importados/datos").getValue(2, rowNum)): Text 'admin' is set on object 'Object Repository/Page_Execute Automation/input_Login_Password'

2019-01-17 10:07:35 - [MESSAGE][PASSED] - Text 'admin' is set on object 'Object Repository/Page_Execute Automation/input_Login_Password'

2019-01-17 10:07:35 - [TEST_STEP][PASSED] - Thread.sleep(3000): null

2019-01-17 10:07:38 - [TEST_STEP][PASSED] - setText(findTestObject("Object Repository/Page_Execute Automation/input_Login_UserName"), findTestData("Datos importados/datos").getValue(1, rowNum)): Text 'admin2' is set on object 'Object Repository/Page_Execute Automation/input_Login_UserName'

2019-01-17 10:07:38 - [MESSAGE][PASSED] - Text 'admin2' is set on object 'Object Repository/Page_Execute Automation/input_Login_UserName'

2019-01-17 10:07:38 - [TEST_STEP][PASSED] - setText(findTestObject("Object Repository/Page_Execute Automation/input_Login_Password"), findTestData("Datos importados/datos").getValue(2, rowNum)): Text 'admin2' is set on object 'Object Repository/Page_Execute Automation/input_Login_Password'

2019-01-17 10:07:38 - [MESSAGE][PASSED] - Text 'admin2' is set on object 'Object Repository/Page_Execute Automation/input_Login_Password'

2019-01-17 10:07:38 - [TEST_STEP][PASSED] - Thread.sleep(3000): null

2019-01-17 10:07:41 - [TEST_STEP][PASSED] - setText(findTestObject("Object Repository/Page_Execute Automation/input_Login_UserName"), findTestData("Datos importados/datos").getValue(1, rowNum)): Text 'pepe' is set on object 'Object Repository/Page_Execute Automation/input_Login_UserName'

2019-01-17 10:07:41 - [MESSAGE][PASSED] - Text 'pepe' is set on object 'Object Repository/Page_Execute Automation/input_Login_UserName'

2019-01-17 10:07:41 - [TEST_STEP][PASSED] - setText(findTestObject("Object Repository/Page_Execute Automation/input_Login_Password"), findTestData("Datos importados/datos").getValue(2, rowNum)): Text 'pass' is set on object 'Object Repository/Page_Execute Automation/input_Login_Password'

2019-01-17 10:07:41 - [MESSAGE][PASSED] - Text 'pass' is set on object 'Object Repository/Page_Execute Automation/input_Login_Password'

2019-01-17 10:07:41 - [TEST_STEP][PASSED] - Thread.sleep(3000): null

2019-01-17 10:07:44 - [TEST_STEP][PASSED] - setText(findTestObject("Object Repository/Page_Execute Automation/input_Login_UserName"), findTestData("Datos importados/datos").getValue(1, rowNum)): Text 'pepito' is set on object 'Object Repository/Page_Execute Automation/input_Login_UserName'

2019-01-17 10:07:44 - [MESSAGE][PASSED] - Text 'pepito' is set on object 'Object Repository/Page_Execute Automation/input_Login_UserName'

2019-01-17 10:07:44 - [TEST_STEP][PASSED] - setText(findTestObject("Object Repository/Page_Execute Automation/input_Login_Password"), findTestData("Datos importados/datos").getValue(2, rowNum)): Text 'nueva' is set on object 'Object Repository/Page_Execute Automation/input_Login_Password'

2019-01-17 10:07:44 - [MESSAGE][PASSED] - Text 'nueva' is set on object 'Object Repository/Page_Execute Automation/input_Login_Password'

2019-01-17 10:07:44 - [TEST_STEP][PASSED] - Thread.sleep(3000): null

2019-01-17 10:07:47 - [TEST_STEP][PASSED] - click(findTestObject("Object Repository/Page_Execute Automation/input_Login_Login")): Object: 'Object Repository/Page_Execute Automation/input_Login_Login' is clicked on

2019-01-17 10:07:48 - [MESSAGE][PASSED] - Object: 'Object Repository/Page_Execute Automation/input_Login_Login' is clicked on

2019-01-17 10:07:48 - [TEST_STEP][PASSED] - closeBrowser(): Browser is closed

2019-01-17 10:07:50 - [MESSAGE][PASSED] - Browser is closed

2019-01-17 10:07:50 - [TEST_STEP][PASSED] - verifyCheckpoint(findCheckpoint("Checkpoints/Checkpoint"), true): Checkpoint data and Source data are matched

2019-01-17 10:07:50 - [MESSAGE][PASSED] - Checkpoint data and Source data are matched]]></system-out>
         <system-err><![CDATA[]]></system-err>
      </testcase>
      <testcase name="Test Cases/Tests/Login nuevo - Copy" classname="Test Cases/Tests/Login nuevo - Copy" status="PASSED">
         <system-out><![CDATA[2019-01-17 10:07:50 - [TEST_CASE][PASSED] - Test Cases/Tests/Login nuevo - Copy: Test Cases/Tests/Login nuevo - Copy

2019-01-17 10:07:50 - [TEST_STEP][PASSED] - openBrowser(""): Browser is opened with url: ''

2019-01-17 10:07:50 - [MESSAGE][INFO] - Starting 'Chrome' driver

2019-01-17 10:07:53 - [MESSAGE][PASSED] - Browser is opened with url: ''

2019-01-17 10:07:53 - [TEST_STEP][PASSED] - navigateToUrl("http://executeautomation.com/demosite/Login.html"): Navigate to 'http://executeautomation.com/demosite/Login.html' successfully

2019-01-17 10:08:01 - [MESSAGE][PASSED] - Navigate to 'http://executeautomation.com/demosite/Login.html' successfully

2019-01-17 10:08:01 - [TEST_STEP][PASSED] - for ([rowNum = 1, rowNum <= findTestData("Datos importados/datos").getRowNumbers(), (rowNum++)]): null

2019-01-17 10:08:01 - [TEST_STEP][PASSED] - setText(findTestObject("Object Repository/Page_Execute Automation/input_Login_UserName"), findTestData("Datos importados/datos").getValue(1, rowNum)): Text 'admin' is set on object 'Object Repository/Page_Execute Automation/input_Login_UserName'

2019-01-17 10:08:01 - [MESSAGE][PASSED] - Text 'admin' is set on object 'Object Repository/Page_Execute Automation/input_Login_UserName'

2019-01-17 10:08:01 - [TEST_STEP][PASSED] - setText(findTestObject("Object Repository/Page_Execute Automation/input_Login_Password"), findTestData("Datos importados/datos").getValue(2, rowNum)): Text 'admin' is set on object 'Object Repository/Page_Execute Automation/input_Login_Password'

2019-01-17 10:08:01 - [MESSAGE][PASSED] - Text 'admin' is set on object 'Object Repository/Page_Execute Automation/input_Login_Password'

2019-01-17 10:08:01 - [TEST_STEP][PASSED] - Thread.sleep(3000): null

2019-01-17 10:08:04 - [TEST_STEP][PASSED] - setText(findTestObject("Object Repository/Page_Execute Automation/input_Login_UserName"), findTestData("Datos importados/datos").getValue(1, rowNum)): Text 'admin2' is set on object 'Object Repository/Page_Execute Automation/input_Login_UserName'

2019-01-17 10:08:04 - [MESSAGE][PASSED] - Text 'admin2' is set on object 'Object Repository/Page_Execute Automation/input_Login_UserName'

2019-01-17 10:08:04 - [TEST_STEP][PASSED] - setText(findTestObject("Object Repository/Page_Execute Automation/input_Login_Password"), findTestData("Datos importados/datos").getValue(2, rowNum)): Text 'admin2' is set on object 'Object Repository/Page_Execute Automation/input_Login_Password'

2019-01-17 10:08:04 - [MESSAGE][PASSED] - Text 'admin2' is set on object 'Object Repository/Page_Execute Automation/input_Login_Password'

2019-01-17 10:08:04 - [TEST_STEP][PASSED] - Thread.sleep(3000): null

2019-01-17 10:08:07 - [TEST_STEP][PASSED] - setText(findTestObject("Object Repository/Page_Execute Automation/input_Login_UserName"), findTestData("Datos importados/datos").getValue(1, rowNum)): Text 'pepe' is set on object 'Object Repository/Page_Execute Automation/input_Login_UserName'

2019-01-17 10:08:07 - [MESSAGE][PASSED] - Text 'pepe' is set on object 'Object Repository/Page_Execute Automation/input_Login_UserName'

2019-01-17 10:08:07 - [TEST_STEP][PASSED] - setText(findTestObject("Object Repository/Page_Execute Automation/input_Login_Password"), findTestData("Datos importados/datos").getValue(2, rowNum)): Text 'pass' is set on object 'Object Repository/Page_Execute Automation/input_Login_Password'

2019-01-17 10:08:07 - [MESSAGE][PASSED] - Text 'pass' is set on object 'Object Repository/Page_Execute Automation/input_Login_Password'

2019-01-17 10:08:07 - [TEST_STEP][PASSED] - Thread.sleep(3000): null

2019-01-17 10:08:10 - [TEST_STEP][PASSED] - setText(findTestObject("Object Repository/Page_Execute Automation/input_Login_UserName"), findTestData("Datos importados/datos").getValue(1, rowNum)): Text 'pepito' is set on object 'Object Repository/Page_Execute Automation/input_Login_UserName'

2019-01-17 10:08:11 - [MESSAGE][PASSED] - Text 'pepito' is set on object 'Object Repository/Page_Execute Automation/input_Login_UserName'

2019-01-17 10:08:11 - [TEST_STEP][PASSED] - setText(findTestObject("Object Repository/Page_Execute Automation/input_Login_Password"), findTestData("Datos importados/datos").getValue(2, rowNum)): Text 'nueva' is set on object 'Object Repository/Page_Execute Automation/input_Login_Password'

2019-01-17 10:08:11 - [MESSAGE][PASSED] - Text 'nueva' is set on object 'Object Repository/Page_Execute Automation/input_Login_Password'

2019-01-17 10:08:11 - [TEST_STEP][PASSED] - Thread.sleep(3000): null

2019-01-17 10:08:14 - [TEST_STEP][PASSED] - click(findTestObject("Object Repository/Page_Execute Automation/input_Login_Login")): Object: 'Object Repository/Page_Execute Automation/input_Login_Login' is clicked on

2019-01-17 10:08:14 - [MESSAGE][PASSED] - Object: 'Object Repository/Page_Execute Automation/input_Login_Login' is clicked on

2019-01-17 10:08:14 - [TEST_STEP][PASSED] - closeBrowser(): Browser is closed

2019-01-17 10:08:15 - [MESSAGE][PASSED] - Browser is closed

2019-01-17 10:08:15 - [TEST_STEP][PASSED] - verifyCheckpoint(findCheckpoint("Checkpoints/Checkpoint"), true): Checkpoint data and Source data are matched

2019-01-17 10:08:15 - [MESSAGE][PASSED] - Checkpoint data and Source data are matched]]></system-out>
         <system-err><![CDATA[]]></system-err>
      </testcase>
      <testcase name="Test Cases/Tests/Login nuevo - Copy" classname="Test Cases/Tests/Login nuevo - Copy" status="PASSED">
         <system-out><![CDATA[2019-01-17 10:08:15 - [TEST_CASE][PASSED] - Test Cases/Tests/Login nuevo - Copy: Test Cases/Tests/Login nuevo - Copy

2019-01-17 10:08:15 - [TEST_STEP][PASSED] - openBrowser(""): Browser is opened with url: ''

2019-01-17 10:08:15 - [MESSAGE][INFO] - Starting 'Chrome' driver

2019-01-17 10:08:21 - [MESSAGE][PASSED] - Browser is opened with url: ''

2019-01-17 10:08:21 - [TEST_STEP][PASSED] - navigateToUrl("http://executeautomation.com/demosite/Login.html"): Navigate to 'http://executeautomation.com/demosite/Login.html' successfully

2019-01-17 10:08:24 - [MESSAGE][PASSED] - Navigate to 'http://executeautomation.com/demosite/Login.html' successfully

2019-01-17 10:08:24 - [TEST_STEP][PASSED] - for ([rowNum = 1, rowNum <= findTestData("Datos importados/datos").getRowNumbers(), (rowNum++)]): null

2019-01-17 10:08:24 - [TEST_STEP][PASSED] - setText(findTestObject("Object Repository/Page_Execute Automation/input_Login_UserName"), findTestData("Datos importados/datos").getValue(1, rowNum)): Text 'admin' is set on object 'Object Repository/Page_Execute Automation/input_Login_UserName'

2019-01-17 10:08:24 - [MESSAGE][PASSED] - Text 'admin' is set on object 'Object Repository/Page_Execute Automation/input_Login_UserName'

2019-01-17 10:08:24 - [TEST_STEP][PASSED] - setText(findTestObject("Object Repository/Page_Execute Automation/input_Login_Password"), findTestData("Datos importados/datos").getValue(2, rowNum)): Text 'admin' is set on object 'Object Repository/Page_Execute Automation/input_Login_Password'

2019-01-17 10:08:24 - [MESSAGE][PASSED] - Text 'admin' is set on object 'Object Repository/Page_Execute Automation/input_Login_Password'

2019-01-17 10:08:24 - [TEST_STEP][PASSED] - Thread.sleep(3000): null

2019-01-17 10:08:27 - [TEST_STEP][PASSED] - setText(findTestObject("Object Repository/Page_Execute Automation/input_Login_UserName"), findTestData("Datos importados/datos").getValue(1, rowNum)): Text 'admin2' is set on object 'Object Repository/Page_Execute Automation/input_Login_UserName'

2019-01-17 10:08:27 - [MESSAGE][PASSED] - Text 'admin2' is set on object 'Object Repository/Page_Execute Automation/input_Login_UserName'

2019-01-17 10:08:27 - [TEST_STEP][PASSED] - setText(findTestObject("Object Repository/Page_Execute Automation/input_Login_Password"), findTestData("Datos importados/datos").getValue(2, rowNum)): Text 'admin2' is set on object 'Object Repository/Page_Execute Automation/input_Login_Password'

2019-01-17 10:08:27 - [MESSAGE][PASSED] - Text 'admin2' is set on object 'Object Repository/Page_Execute Automation/input_Login_Password'

2019-01-17 10:08:27 - [TEST_STEP][PASSED] - Thread.sleep(3000): null

2019-01-17 10:08:30 - [TEST_STEP][PASSED] - setText(findTestObject("Object Repository/Page_Execute Automation/input_Login_UserName"), findTestData("Datos importados/datos").getValue(1, rowNum)): Text 'pepe' is set on object 'Object Repository/Page_Execute Automation/input_Login_UserName'

2019-01-17 10:08:30 - [MESSAGE][PASSED] - Text 'pepe' is set on object 'Object Repository/Page_Execute Automation/input_Login_UserName'

2019-01-17 10:08:30 - [TEST_STEP][PASSED] - setText(findTestObject("Object Repository/Page_Execute Automation/input_Login_Password"), findTestData("Datos importados/datos").getValue(2, rowNum)): Text 'pass' is set on object 'Object Repository/Page_Execute Automation/input_Login_Password'

2019-01-17 10:08:31 - [MESSAGE][PASSED] - Text 'pass' is set on object 'Object Repository/Page_Execute Automation/input_Login_Password'

2019-01-17 10:08:31 - [TEST_STEP][PASSED] - Thread.sleep(3000): null

2019-01-17 10:08:34 - [TEST_STEP][PASSED] - setText(findTestObject("Object Repository/Page_Execute Automation/input_Login_UserName"), findTestData("Datos importados/datos").getValue(1, rowNum)): Text 'pepito' is set on object 'Object Repository/Page_Execute Automation/input_Login_UserName'

2019-01-17 10:08:34 - [MESSAGE][PASSED] - Text 'pepito' is set on object 'Object Repository/Page_Execute Automation/input_Login_UserName'

2019-01-17 10:08:34 - [TEST_STEP][PASSED] - setText(findTestObject("Object Repository/Page_Execute Automation/input_Login_Password"), findTestData("Datos importados/datos").getValue(2, rowNum)): Text 'nueva' is set on object 'Object Repository/Page_Execute Automation/input_Login_Password'

2019-01-17 10:08:34 - [MESSAGE][PASSED] - Text 'nueva' is set on object 'Object Repository/Page_Execute Automation/input_Login_Password'

2019-01-17 10:08:34 - [TEST_STEP][PASSED] - Thread.sleep(3000): null

2019-01-17 10:08:37 - [TEST_STEP][PASSED] - click(findTestObject("Object Repository/Page_Execute Automation/input_Login_Login")): Object: 'Object Repository/Page_Execute Automation/input_Login_Login' is clicked on

2019-01-17 10:08:37 - [MESSAGE][PASSED] - Object: 'Object Repository/Page_Execute Automation/input_Login_Login' is clicked on

2019-01-17 10:08:37 - [TEST_STEP][PASSED] - closeBrowser(): Browser is closed

2019-01-17 10:08:38 - [MESSAGE][PASSED] - Browser is closed

2019-01-17 10:08:38 - [TEST_STEP][PASSED] - verifyCheckpoint(findCheckpoint("Checkpoints/Checkpoint"), true): Checkpoint data and Source data are matched

2019-01-17 10:08:38 - [MESSAGE][PASSED] - Checkpoint data and Source data are matched]]></system-out>
         <system-err><![CDATA[]]></system-err>
      </testcase>
      <system-out><![CDATA[2019-01-17 10:07:00 - [TEST_SUITE][PASSED] - Test sobre web automation: Test Cases/Tests/Login nuevo - Copy]]></system-out>
      <system-err><![CDATA[]]></system-err>
   </testsuite>
</testsuites>
