<?xml version="1.0" encoding="UTF-8"?>
<testsuites name="Test sobre web automation" time="79" tests="4" failures="0" errors="0">
   <testsuite name="Test sobre web automation" tests="4" failures="0" errors="0" time="79" timestamp="2019-01-17 09:54:40" hostname="curso2 - curso2-PC" id="Test Suites/Test sobre web automation">
      <properties>
         <property name="deviceName" value=""/>
         <property name="devicePlatform" value=""/>
         <property name="logFolder" value="C:\\Users\\curso2\\Katalon Studio\\Test Web\\Reports\\Test sobre web automation\\20190117_095435"/>
         <property name="logFiles" value="C:\\Users\\curso2\\Katalon Studio\\Test Web\\Reports\\Test sobre web automation\\20190117_095435\\execution0.log"/>
         <property name="attachments" value=""/>
         <property name="hostName" value="curso2 - curso2-PC"/>
         <property name="os" value="Windows 7 64bit"/>
         <property name="katalonVersion" value="5.10.1.1"/>
         <property name="browser" value="Chrome 71.0.3578.98"/>
         <property name="hostAddress" value="192.168.8.102"/>
         <property name="sessionId" value="0bd55db9b4268c012fd53091fb98ca1c"/>
         <property name="seleniumVersion" value="3.7.1"/>
         <property name="proxyInformation" value="ProxyInformation{proxyOption=USE_SYSTEM, proxyServerType=HTTP, password=, proxyServerAddress=, proxyServerPort=0}"/>
         <property name="platform" value="Windows 7"/>
      </properties>
      <testcase name="Test Cases/Tests/Login nuevo - Copy" classname="Test Cases/Tests/Login nuevo - Copy" status="PASSED">
         <system-out><![CDATA[2019-01-17 09:54:41 - [TEST_CASE][PASSED] - Test Cases/Tests/Login nuevo - Copy: Test Cases/Tests/Login nuevo - Copy

2019-01-17 09:54:41 - [TEST_STEP][PASSED] - openBrowser(""): Browser is opened with url: ''

2019-01-17 09:54:41 - [MESSAGE][INFO] - Starting 'Chrome' driver

2019-01-17 09:54:41 - [MESSAGE][INFO] - Action delay is set to 0 seconds

2019-01-17 09:54:46 - [MESSAGE][PASSED] - Browser is opened with url: ''

2019-01-17 09:54:46 - [TEST_STEP][PASSED] - navigateToUrl("http://executeautomation.com/demosite/Login.html"): Navigate to 'http://executeautomation.com/demosite/Login.html' successfully

2019-01-17 09:54:48 - [MESSAGE][PASSED] - Navigate to 'http://executeautomation.com/demosite/Login.html' successfully

2019-01-17 09:54:48 - [TEST_STEP][PASSED] - for ([rowNum = 1, rowNum <= findTestData("Datos importados/datos").getRowNumbers(), (rowNum++)]): null

2019-01-17 09:54:48 - [TEST_STEP][PASSED] - setText(findTestObject("Object Repository/Page_Execute Automation/input_Login_UserName"), findTestData("Datos importados/datos").getValue(1, rowNum)): Text 'admin' is set on object 'Object Repository/Page_Execute Automation/input_Login_UserName'

2019-01-17 09:54:49 - [MESSAGE][PASSED] - Text 'admin' is set on object 'Object Repository/Page_Execute Automation/input_Login_UserName'

2019-01-17 09:54:49 - [TEST_STEP][PASSED] - setText(findTestObject("Object Repository/Page_Execute Automation/input_Login_Password"), findTestData("Datos importados/datos").getValue(2, rowNum)): Text 'admin' is set on object 'Object Repository/Page_Execute Automation/input_Login_Password'

2019-01-17 09:54:49 - [MESSAGE][PASSED] - Text 'admin' is set on object 'Object Repository/Page_Execute Automation/input_Login_Password'

2019-01-17 09:54:49 - [TEST_STEP][PASSED] - Thread.sleep(3000): null

2019-01-17 09:54:52 - [TEST_STEP][PASSED] - setText(findTestObject("Object Repository/Page_Execute Automation/input_Login_UserName"), findTestData("Datos importados/datos").getValue(1, rowNum)): Text 'admin2' is set on object 'Object Repository/Page_Execute Automation/input_Login_UserName'

2019-01-17 09:54:52 - [MESSAGE][PASSED] - Text 'admin2' is set on object 'Object Repository/Page_Execute Automation/input_Login_UserName'

2019-01-17 09:54:52 - [TEST_STEP][PASSED] - setText(findTestObject("Object Repository/Page_Execute Automation/input_Login_Password"), findTestData("Datos importados/datos").getValue(2, rowNum)): Text 'admin2' is set on object 'Object Repository/Page_Execute Automation/input_Login_Password'

2019-01-17 09:54:52 - [MESSAGE][PASSED] - Text 'admin2' is set on object 'Object Repository/Page_Execute Automation/input_Login_Password'

2019-01-17 09:54:52 - [TEST_STEP][PASSED] - Thread.sleep(3000): null

2019-01-17 09:54:55 - [TEST_STEP][PASSED] - setText(findTestObject("Object Repository/Page_Execute Automation/input_Login_UserName"), findTestData("Datos importados/datos").getValue(1, rowNum)): Text 'pepe' is set on object 'Object Repository/Page_Execute Automation/input_Login_UserName'

2019-01-17 09:54:55 - [MESSAGE][PASSED] - Text 'pepe' is set on object 'Object Repository/Page_Execute Automation/input_Login_UserName'

2019-01-17 09:54:55 - [TEST_STEP][PASSED] - setText(findTestObject("Object Repository/Page_Execute Automation/input_Login_Password"), findTestData("Datos importados/datos").getValue(2, rowNum)): Text 'pass' is set on object 'Object Repository/Page_Execute Automation/input_Login_Password'

2019-01-17 09:54:55 - [MESSAGE][PASSED] - Text 'pass' is set on object 'Object Repository/Page_Execute Automation/input_Login_Password'

2019-01-17 09:54:55 - [TEST_STEP][PASSED] - Thread.sleep(3000): null

2019-01-17 09:54:58 - [TEST_STEP][PASSED] - setText(findTestObject("Object Repository/Page_Execute Automation/input_Login_UserName"), findTestData("Datos importados/datos").getValue(1, rowNum)): Text 'pepito' is set on object 'Object Repository/Page_Execute Automation/input_Login_UserName'

2019-01-17 09:54:58 - [MESSAGE][PASSED] - Text 'pepito' is set on object 'Object Repository/Page_Execute Automation/input_Login_UserName'

2019-01-17 09:54:58 - [TEST_STEP][PASSED] - setText(findTestObject("Object Repository/Page_Execute Automation/input_Login_Password"), findTestData("Datos importados/datos").getValue(2, rowNum)): Text 'nueva' is set on object 'Object Repository/Page_Execute Automation/input_Login_Password'

2019-01-17 09:54:58 - [MESSAGE][PASSED] - Text 'nueva' is set on object 'Object Repository/Page_Execute Automation/input_Login_Password'

2019-01-17 09:54:58 - [TEST_STEP][PASSED] - Thread.sleep(3000): null

2019-01-17 09:55:01 - [TEST_STEP][PASSED] - click(findTestObject("Object Repository/Page_Execute Automation/input_Login_Login")): Object: 'Object Repository/Page_Execute Automation/input_Login_Login' is clicked on

2019-01-17 09:55:02 - [MESSAGE][PASSED] - Object: 'Object Repository/Page_Execute Automation/input_Login_Login' is clicked on

2019-01-17 09:55:02 - [TEST_STEP][PASSED] - closeBrowser(): Browser is closed

2019-01-17 09:55:02 - [MESSAGE][PASSED] - Browser is closed

2019-01-17 09:55:02 - [TEST_STEP][PASSED] - verifyCheckpoint(findCheckpoint("Checkpoints/Checkpoint"), true): Checkpoint data and Source data are matched

2019-01-17 09:55:03 - [MESSAGE][PASSED] - Checkpoint data and Source data are matched]]></system-out>
         <system-err><![CDATA[]]></system-err>
      </testcase>
      <testcase name="Test Cases/Tests/Login nuevo - Copy" classname="Test Cases/Tests/Login nuevo - Copy" status="PASSED">
         <system-out><![CDATA[2019-01-17 09:55:03 - [TEST_CASE][PASSED] - Test Cases/Tests/Login nuevo - Copy: Test Cases/Tests/Login nuevo - Copy

2019-01-17 09:55:03 - [TEST_STEP][PASSED] - openBrowser(""): Browser is opened with url: ''

2019-01-17 09:55:03 - [MESSAGE][INFO] - Starting 'Chrome' driver

2019-01-17 09:55:05 - [MESSAGE][PASSED] - Browser is opened with url: ''

2019-01-17 09:55:05 - [TEST_STEP][PASSED] - navigateToUrl("http://executeautomation.com/demosite/Login.html"): Navigate to 'http://executeautomation.com/demosite/Login.html' successfully

2019-01-17 09:55:07 - [MESSAGE][PASSED] - Navigate to 'http://executeautomation.com/demosite/Login.html' successfully

2019-01-17 09:55:07 - [TEST_STEP][PASSED] - for ([rowNum = 1, rowNum <= findTestData("Datos importados/datos").getRowNumbers(), (rowNum++)]): null

2019-01-17 09:55:07 - [TEST_STEP][PASSED] - setText(findTestObject("Object Repository/Page_Execute Automation/input_Login_UserName"), findTestData("Datos importados/datos").getValue(1, rowNum)): Text 'admin' is set on object 'Object Repository/Page_Execute Automation/input_Login_UserName'

2019-01-17 09:55:07 - [MESSAGE][PASSED] - Text 'admin' is set on object 'Object Repository/Page_Execute Automation/input_Login_UserName'

2019-01-17 09:55:07 - [TEST_STEP][PASSED] - setText(findTestObject("Object Repository/Page_Execute Automation/input_Login_Password"), findTestData("Datos importados/datos").getValue(2, rowNum)): Text 'admin' is set on object 'Object Repository/Page_Execute Automation/input_Login_Password'

2019-01-17 09:55:07 - [MESSAGE][PASSED] - Text 'admin' is set on object 'Object Repository/Page_Execute Automation/input_Login_Password'

2019-01-17 09:55:07 - [TEST_STEP][PASSED] - Thread.sleep(3000): null

2019-01-17 09:55:10 - [TEST_STEP][PASSED] - setText(findTestObject("Object Repository/Page_Execute Automation/input_Login_UserName"), findTestData("Datos importados/datos").getValue(1, rowNum)): Text 'admin2' is set on object 'Object Repository/Page_Execute Automation/input_Login_UserName'

2019-01-17 09:55:10 - [MESSAGE][PASSED] - Text 'admin2' is set on object 'Object Repository/Page_Execute Automation/input_Login_UserName'

2019-01-17 09:55:10 - [TEST_STEP][PASSED] - setText(findTestObject("Object Repository/Page_Execute Automation/input_Login_Password"), findTestData("Datos importados/datos").getValue(2, rowNum)): Text 'admin2' is set on object 'Object Repository/Page_Execute Automation/input_Login_Password'

2019-01-17 09:55:10 - [MESSAGE][PASSED] - Text 'admin2' is set on object 'Object Repository/Page_Execute Automation/input_Login_Password'

2019-01-17 09:55:10 - [TEST_STEP][PASSED] - Thread.sleep(3000): null

2019-01-17 09:55:13 - [TEST_STEP][PASSED] - setText(findTestObject("Object Repository/Page_Execute Automation/input_Login_UserName"), findTestData("Datos importados/datos").getValue(1, rowNum)): Text 'pepe' is set on object 'Object Repository/Page_Execute Automation/input_Login_UserName'

2019-01-17 09:55:14 - [MESSAGE][PASSED] - Text 'pepe' is set on object 'Object Repository/Page_Execute Automation/input_Login_UserName'

2019-01-17 09:55:14 - [TEST_STEP][PASSED] - setText(findTestObject("Object Repository/Page_Execute Automation/input_Login_Password"), findTestData("Datos importados/datos").getValue(2, rowNum)): Text 'pass' is set on object 'Object Repository/Page_Execute Automation/input_Login_Password'

2019-01-17 09:55:14 - [MESSAGE][PASSED] - Text 'pass' is set on object 'Object Repository/Page_Execute Automation/input_Login_Password'

2019-01-17 09:55:14 - [TEST_STEP][PASSED] - Thread.sleep(3000): null

2019-01-17 09:55:17 - [TEST_STEP][PASSED] - setText(findTestObject("Object Repository/Page_Execute Automation/input_Login_UserName"), findTestData("Datos importados/datos").getValue(1, rowNum)): Text 'pepito' is set on object 'Object Repository/Page_Execute Automation/input_Login_UserName'

2019-01-17 09:55:17 - [MESSAGE][PASSED] - Text 'pepito' is set on object 'Object Repository/Page_Execute Automation/input_Login_UserName'

2019-01-17 09:55:17 - [TEST_STEP][PASSED] - setText(findTestObject("Object Repository/Page_Execute Automation/input_Login_Password"), findTestData("Datos importados/datos").getValue(2, rowNum)): Text 'nueva' is set on object 'Object Repository/Page_Execute Automation/input_Login_Password'

2019-01-17 09:55:17 - [MESSAGE][PASSED] - Text 'nueva' is set on object 'Object Repository/Page_Execute Automation/input_Login_Password'

2019-01-17 09:55:17 - [TEST_STEP][PASSED] - Thread.sleep(3000): null

2019-01-17 09:55:20 - [TEST_STEP][PASSED] - click(findTestObject("Object Repository/Page_Execute Automation/input_Login_Login")): Object: 'Object Repository/Page_Execute Automation/input_Login_Login' is clicked on

2019-01-17 09:55:20 - [MESSAGE][PASSED] - Object: 'Object Repository/Page_Execute Automation/input_Login_Login' is clicked on

2019-01-17 09:55:20 - [TEST_STEP][PASSED] - closeBrowser(): Browser is closed

2019-01-17 09:55:21 - [MESSAGE][PASSED] - Browser is closed

2019-01-17 09:55:21 - [TEST_STEP][PASSED] - verifyCheckpoint(findCheckpoint("Checkpoints/Checkpoint"), true): Checkpoint data and Source data are matched

2019-01-17 09:55:21 - [MESSAGE][PASSED] - Checkpoint data and Source data are matched]]></system-out>
         <system-err><![CDATA[]]></system-err>
      </testcase>
      <testcase name="Test Cases/Tests/Login nuevo - Copy" classname="Test Cases/Tests/Login nuevo - Copy" status="PASSED">
         <system-out><![CDATA[2019-01-17 09:55:21 - [TEST_CASE][PASSED] - Test Cases/Tests/Login nuevo - Copy: Test Cases/Tests/Login nuevo - Copy

2019-01-17 09:55:21 - [TEST_STEP][PASSED] - openBrowser(""): Browser is opened with url: ''

2019-01-17 09:55:21 - [MESSAGE][INFO] - Starting 'Chrome' driver

2019-01-17 09:55:23 - [MESSAGE][PASSED] - Browser is opened with url: ''

2019-01-17 09:55:23 - [TEST_STEP][PASSED] - navigateToUrl("http://executeautomation.com/demosite/Login.html"): Navigate to 'http://executeautomation.com/demosite/Login.html' successfully

2019-01-17 09:55:27 - [MESSAGE][PASSED] - Navigate to 'http://executeautomation.com/demosite/Login.html' successfully

2019-01-17 09:55:27 - [TEST_STEP][PASSED] - for ([rowNum = 1, rowNum <= findTestData("Datos importados/datos").getRowNumbers(), (rowNum++)]): null

2019-01-17 09:55:27 - [TEST_STEP][PASSED] - setText(findTestObject("Object Repository/Page_Execute Automation/input_Login_UserName"), findTestData("Datos importados/datos").getValue(1, rowNum)): Text 'admin' is set on object 'Object Repository/Page_Execute Automation/input_Login_UserName'

2019-01-17 09:55:27 - [MESSAGE][PASSED] - Text 'admin' is set on object 'Object Repository/Page_Execute Automation/input_Login_UserName'

2019-01-17 09:55:27 - [TEST_STEP][PASSED] - setText(findTestObject("Object Repository/Page_Execute Automation/input_Login_Password"), findTestData("Datos importados/datos").getValue(2, rowNum)): Text 'admin' is set on object 'Object Repository/Page_Execute Automation/input_Login_Password'

2019-01-17 09:55:27 - [MESSAGE][PASSED] - Text 'admin' is set on object 'Object Repository/Page_Execute Automation/input_Login_Password'

2019-01-17 09:55:27 - [TEST_STEP][PASSED] - Thread.sleep(3000): null

2019-01-17 09:55:30 - [TEST_STEP][PASSED] - setText(findTestObject("Object Repository/Page_Execute Automation/input_Login_UserName"), findTestData("Datos importados/datos").getValue(1, rowNum)): Text 'admin2' is set on object 'Object Repository/Page_Execute Automation/input_Login_UserName'

2019-01-17 09:55:31 - [MESSAGE][PASSED] - Text 'admin2' is set on object 'Object Repository/Page_Execute Automation/input_Login_UserName'

2019-01-17 09:55:31 - [TEST_STEP][PASSED] - setText(findTestObject("Object Repository/Page_Execute Automation/input_Login_Password"), findTestData("Datos importados/datos").getValue(2, rowNum)): Text 'admin2' is set on object 'Object Repository/Page_Execute Automation/input_Login_Password'

2019-01-17 09:55:31 - [MESSAGE][PASSED] - Text 'admin2' is set on object 'Object Repository/Page_Execute Automation/input_Login_Password'

2019-01-17 09:55:31 - [TEST_STEP][PASSED] - Thread.sleep(3000): null

2019-01-17 09:55:34 - [TEST_STEP][PASSED] - setText(findTestObject("Object Repository/Page_Execute Automation/input_Login_UserName"), findTestData("Datos importados/datos").getValue(1, rowNum)): Text 'pepe' is set on object 'Object Repository/Page_Execute Automation/input_Login_UserName'

2019-01-17 09:55:34 - [MESSAGE][PASSED] - Text 'pepe' is set on object 'Object Repository/Page_Execute Automation/input_Login_UserName'

2019-01-17 09:55:34 - [TEST_STEP][PASSED] - setText(findTestObject("Object Repository/Page_Execute Automation/input_Login_Password"), findTestData("Datos importados/datos").getValue(2, rowNum)): Text 'pass' is set on object 'Object Repository/Page_Execute Automation/input_Login_Password'

2019-01-17 09:55:34 - [MESSAGE][PASSED] - Text 'pass' is set on object 'Object Repository/Page_Execute Automation/input_Login_Password'

2019-01-17 09:55:34 - [TEST_STEP][PASSED] - Thread.sleep(3000): null

2019-01-17 09:55:37 - [TEST_STEP][PASSED] - setText(findTestObject("Object Repository/Page_Execute Automation/input_Login_UserName"), findTestData("Datos importados/datos").getValue(1, rowNum)): Text 'pepito' is set on object 'Object Repository/Page_Execute Automation/input_Login_UserName'

2019-01-17 09:55:37 - [MESSAGE][PASSED] - Text 'pepito' is set on object 'Object Repository/Page_Execute Automation/input_Login_UserName'

2019-01-17 09:55:37 - [TEST_STEP][PASSED] - setText(findTestObject("Object Repository/Page_Execute Automation/input_Login_Password"), findTestData("Datos importados/datos").getValue(2, rowNum)): Text 'nueva' is set on object 'Object Repository/Page_Execute Automation/input_Login_Password'

2019-01-17 09:55:37 - [MESSAGE][PASSED] - Text 'nueva' is set on object 'Object Repository/Page_Execute Automation/input_Login_Password'

2019-01-17 09:55:37 - [TEST_STEP][PASSED] - Thread.sleep(3000): null

2019-01-17 09:55:40 - [TEST_STEP][PASSED] - click(findTestObject("Object Repository/Page_Execute Automation/input_Login_Login")): Object: 'Object Repository/Page_Execute Automation/input_Login_Login' is clicked on

2019-01-17 09:55:40 - [MESSAGE][PASSED] - Object: 'Object Repository/Page_Execute Automation/input_Login_Login' is clicked on

2019-01-17 09:55:40 - [TEST_STEP][PASSED] - closeBrowser(): Browser is closed

2019-01-17 09:55:41 - [MESSAGE][PASSED] - Browser is closed

2019-01-17 09:55:41 - [TEST_STEP][PASSED] - verifyCheckpoint(findCheckpoint("Checkpoints/Checkpoint"), true): Checkpoint data and Source data are matched

2019-01-17 09:55:41 - [MESSAGE][PASSED] - Checkpoint data and Source data are matched]]></system-out>
         <system-err><![CDATA[]]></system-err>
      </testcase>
      <testcase name="Test Cases/Tests/Login nuevo - Copy" classname="Test Cases/Tests/Login nuevo - Copy" status="PASSED">
         <system-out><![CDATA[2019-01-17 09:55:41 - [TEST_CASE][PASSED] - Test Cases/Tests/Login nuevo - Copy: Test Cases/Tests/Login nuevo - Copy

2019-01-17 09:55:41 - [TEST_STEP][PASSED] - openBrowser(""): Browser is opened with url: ''

2019-01-17 09:55:41 - [MESSAGE][INFO] - Starting 'Chrome' driver

2019-01-17 09:55:43 - [MESSAGE][PASSED] - Browser is opened with url: ''

2019-01-17 09:55:43 - [TEST_STEP][PASSED] - navigateToUrl("http://executeautomation.com/demosite/Login.html"): Navigate to 'http://executeautomation.com/demosite/Login.html' successfully

2019-01-17 09:55:46 - [MESSAGE][PASSED] - Navigate to 'http://executeautomation.com/demosite/Login.html' successfully

2019-01-17 09:55:46 - [TEST_STEP][PASSED] - for ([rowNum = 1, rowNum <= findTestData("Datos importados/datos").getRowNumbers(), (rowNum++)]): null

2019-01-17 09:55:46 - [TEST_STEP][PASSED] - setText(findTestObject("Object Repository/Page_Execute Automation/input_Login_UserName"), findTestData("Datos importados/datos").getValue(1, rowNum)): Text 'admin' is set on object 'Object Repository/Page_Execute Automation/input_Login_UserName'

2019-01-17 09:55:46 - [MESSAGE][PASSED] - Text 'admin' is set on object 'Object Repository/Page_Execute Automation/input_Login_UserName'

2019-01-17 09:55:46 - [TEST_STEP][PASSED] - setText(findTestObject("Object Repository/Page_Execute Automation/input_Login_Password"), findTestData("Datos importados/datos").getValue(2, rowNum)): Text 'admin' is set on object 'Object Repository/Page_Execute Automation/input_Login_Password'

2019-01-17 09:55:46 - [MESSAGE][PASSED] - Text 'admin' is set on object 'Object Repository/Page_Execute Automation/input_Login_Password'

2019-01-17 09:55:46 - [TEST_STEP][PASSED] - Thread.sleep(3000): null

2019-01-17 09:55:49 - [TEST_STEP][PASSED] - setText(findTestObject("Object Repository/Page_Execute Automation/input_Login_UserName"), findTestData("Datos importados/datos").getValue(1, rowNum)): Text 'admin2' is set on object 'Object Repository/Page_Execute Automation/input_Login_UserName'

2019-01-17 09:55:49 - [MESSAGE][PASSED] - Text 'admin2' is set on object 'Object Repository/Page_Execute Automation/input_Login_UserName'

2019-01-17 09:55:49 - [TEST_STEP][PASSED] - setText(findTestObject("Object Repository/Page_Execute Automation/input_Login_Password"), findTestData("Datos importados/datos").getValue(2, rowNum)): Text 'admin2' is set on object 'Object Repository/Page_Execute Automation/input_Login_Password'

2019-01-17 09:55:49 - [MESSAGE][PASSED] - Text 'admin2' is set on object 'Object Repository/Page_Execute Automation/input_Login_Password'

2019-01-17 09:55:49 - [TEST_STEP][PASSED] - Thread.sleep(3000): null

2019-01-17 09:55:52 - [TEST_STEP][PASSED] - setText(findTestObject("Object Repository/Page_Execute Automation/input_Login_UserName"), findTestData("Datos importados/datos").getValue(1, rowNum)): Text 'pepe' is set on object 'Object Repository/Page_Execute Automation/input_Login_UserName'

2019-01-17 09:55:52 - [MESSAGE][PASSED] - Text 'pepe' is set on object 'Object Repository/Page_Execute Automation/input_Login_UserName'

2019-01-17 09:55:52 - [TEST_STEP][PASSED] - setText(findTestObject("Object Repository/Page_Execute Automation/input_Login_Password"), findTestData("Datos importados/datos").getValue(2, rowNum)): Text 'pass' is set on object 'Object Repository/Page_Execute Automation/input_Login_Password'

2019-01-17 09:55:52 - [MESSAGE][PASSED] - Text 'pass' is set on object 'Object Repository/Page_Execute Automation/input_Login_Password'

2019-01-17 09:55:52 - [TEST_STEP][PASSED] - Thread.sleep(3000): null

2019-01-17 09:55:55 - [TEST_STEP][PASSED] - setText(findTestObject("Object Repository/Page_Execute Automation/input_Login_UserName"), findTestData("Datos importados/datos").getValue(1, rowNum)): Text 'pepito' is set on object 'Object Repository/Page_Execute Automation/input_Login_UserName'

2019-01-17 09:55:55 - [MESSAGE][PASSED] - Text 'pepito' is set on object 'Object Repository/Page_Execute Automation/input_Login_UserName'

2019-01-17 09:55:55 - [TEST_STEP][PASSED] - setText(findTestObject("Object Repository/Page_Execute Automation/input_Login_Password"), findTestData("Datos importados/datos").getValue(2, rowNum)): Text 'nueva' is set on object 'Object Repository/Page_Execute Automation/input_Login_Password'

2019-01-17 09:55:56 - [MESSAGE][PASSED] - Text 'nueva' is set on object 'Object Repository/Page_Execute Automation/input_Login_Password'

2019-01-17 09:55:56 - [TEST_STEP][PASSED] - Thread.sleep(3000): null

2019-01-17 09:55:59 - [TEST_STEP][PASSED] - click(findTestObject("Object Repository/Page_Execute Automation/input_Login_Login")): Object: 'Object Repository/Page_Execute Automation/input_Login_Login' is clicked on

2019-01-17 09:55:59 - [MESSAGE][PASSED] - Object: 'Object Repository/Page_Execute Automation/input_Login_Login' is clicked on

2019-01-17 09:55:59 - [TEST_STEP][PASSED] - closeBrowser(): Browser is closed

2019-01-17 09:56:00 - [MESSAGE][PASSED] - Browser is closed

2019-01-17 09:56:00 - [TEST_STEP][PASSED] - verifyCheckpoint(findCheckpoint("Checkpoints/Checkpoint"), true): Checkpoint data and Source data are matched

2019-01-17 09:56:00 - [MESSAGE][PASSED] - Checkpoint data and Source data are matched]]></system-out>
         <system-err><![CDATA[]]></system-err>
      </testcase>
      <system-out><![CDATA[2019-01-17 09:54:40 - [TEST_SUITE][PASSED] - Test sobre web automation: Test Cases/Tests/Login nuevo - Copy]]></system-out>
      <system-err><![CDATA[]]></system-err>
   </testsuite>
</testsuites>
