<?xml version="1.0" encoding="UTF-8"?>
<testsuites name="Test sobre web automation" time="75" tests="4" failures="0" errors="0">
   <testsuite name="Test sobre web automation" tests="4" failures="0" errors="0" time="75" timestamp="2019-01-17 09:56:24" hostname="CURSO2-PC$ - curso2-PC" id="Test Suites/Test sobre web automation">
      <properties>
         <property name="deviceName" value=""/>
         <property name="devicePlatform" value=""/>
         <property name="logFolder" value="C:\\Users\\curso2\\Katalon Studio\\Test Web\\Reports\\Test sobre web automation\\20190117_095618"/>
         <property name="logFiles" value="C:\\Users\\curso2\\Katalon Studio\\Test Web\\Reports\\Test sobre web automation\\20190117_095618\\execution0.log"/>
         <property name="attachments" value=""/>
         <property name="hostName" value="CURSO2-PC$ - curso2-PC"/>
         <property name="os" value="Windows 7 64bit"/>
         <property name="katalonVersion" value="5.10.1.1"/>
         <property name="browser" value="Chrome 71.0.3578.98"/>
         <property name="hostAddress" value="192.168.8.102"/>
         <property name="sessionId" value="b92d43d2f24654e8bf24f82e27bbfc66"/>
         <property name="seleniumVersion" value="3.7.1"/>
         <property name="proxyInformation" value="ProxyInformation{proxyOption=USE_SYSTEM, proxyServerType=HTTP, password=, proxyServerAddress=, proxyServerPort=0}"/>
         <property name="platform" value="Windows 7"/>
      </properties>
      <testcase name="Test Cases/Tests/Login nuevo - Copy" classname="Test Cases/Tests/Login nuevo - Copy" status="PASSED">
         <system-out><![CDATA[2019-01-17 09:56:24 - [TEST_CASE][PASSED] - Test Cases/Tests/Login nuevo - Copy: Test Cases/Tests/Login nuevo - Copy

2019-01-17 09:56:25 - [TEST_STEP][PASSED] - openBrowser(""): Browser is opened with url: ''

2019-01-17 09:56:25 - [MESSAGE][INFO] - Starting 'Chrome' driver

2019-01-17 09:56:25 - [MESSAGE][INFO] - Action delay is set to 0 seconds

2019-01-17 09:56:29 - [MESSAGE][PASSED] - Browser is opened with url: ''

2019-01-17 09:56:29 - [TEST_STEP][PASSED] - navigateToUrl("http://executeautomation.com/demosite/Login.html"): Navigate to 'http://executeautomation.com/demosite/Login.html' successfully

2019-01-17 09:56:31 - [MESSAGE][PASSED] - Navigate to 'http://executeautomation.com/demosite/Login.html' successfully

2019-01-17 09:56:31 - [TEST_STEP][PASSED] - for ([rowNum = 1, rowNum <= findTestData("Datos importados/datos").getRowNumbers(), (rowNum++)]): null

2019-01-17 09:56:31 - [TEST_STEP][PASSED] - setText(findTestObject("Object Repository/Page_Execute Automation/input_Login_UserName"), findTestData("Datos importados/datos").getValue(1, rowNum)): Text 'admin' is set on object 'Object Repository/Page_Execute Automation/input_Login_UserName'

2019-01-17 09:56:31 - [MESSAGE][PASSED] - Text 'admin' is set on object 'Object Repository/Page_Execute Automation/input_Login_UserName'

2019-01-17 09:56:31 - [TEST_STEP][PASSED] - setText(findTestObject("Object Repository/Page_Execute Automation/input_Login_Password"), findTestData("Datos importados/datos").getValue(2, rowNum)): Text 'admin' is set on object 'Object Repository/Page_Execute Automation/input_Login_Password'

2019-01-17 09:56:31 - [MESSAGE][PASSED] - Text 'admin' is set on object 'Object Repository/Page_Execute Automation/input_Login_Password'

2019-01-17 09:56:31 - [TEST_STEP][PASSED] - Thread.sleep(3000): null

2019-01-17 09:56:34 - [TEST_STEP][PASSED] - setText(findTestObject("Object Repository/Page_Execute Automation/input_Login_UserName"), findTestData("Datos importados/datos").getValue(1, rowNum)): Text 'admin2' is set on object 'Object Repository/Page_Execute Automation/input_Login_UserName'

2019-01-17 09:56:34 - [MESSAGE][PASSED] - Text 'admin2' is set on object 'Object Repository/Page_Execute Automation/input_Login_UserName'

2019-01-17 09:56:34 - [TEST_STEP][PASSED] - setText(findTestObject("Object Repository/Page_Execute Automation/input_Login_Password"), findTestData("Datos importados/datos").getValue(2, rowNum)): Text 'admin2' is set on object 'Object Repository/Page_Execute Automation/input_Login_Password'

2019-01-17 09:56:34 - [MESSAGE][PASSED] - Text 'admin2' is set on object 'Object Repository/Page_Execute Automation/input_Login_Password'

2019-01-17 09:56:34 - [TEST_STEP][PASSED] - Thread.sleep(3000): null

2019-01-17 09:56:37 - [TEST_STEP][PASSED] - setText(findTestObject("Object Repository/Page_Execute Automation/input_Login_UserName"), findTestData("Datos importados/datos").getValue(1, rowNum)): Text 'pepe' is set on object 'Object Repository/Page_Execute Automation/input_Login_UserName'

2019-01-17 09:56:37 - [MESSAGE][PASSED] - Text 'pepe' is set on object 'Object Repository/Page_Execute Automation/input_Login_UserName'

2019-01-17 09:56:37 - [TEST_STEP][PASSED] - setText(findTestObject("Object Repository/Page_Execute Automation/input_Login_Password"), findTestData("Datos importados/datos").getValue(2, rowNum)): Text 'pass' is set on object 'Object Repository/Page_Execute Automation/input_Login_Password'

2019-01-17 09:56:37 - [MESSAGE][PASSED] - Text 'pass' is set on object 'Object Repository/Page_Execute Automation/input_Login_Password'

2019-01-17 09:56:37 - [TEST_STEP][PASSED] - Thread.sleep(3000): null

2019-01-17 09:56:40 - [TEST_STEP][PASSED] - setText(findTestObject("Object Repository/Page_Execute Automation/input_Login_UserName"), findTestData("Datos importados/datos").getValue(1, rowNum)): Text 'pepito' is set on object 'Object Repository/Page_Execute Automation/input_Login_UserName'

2019-01-17 09:56:40 - [MESSAGE][PASSED] - Text 'pepito' is set on object 'Object Repository/Page_Execute Automation/input_Login_UserName'

2019-01-17 09:56:40 - [TEST_STEP][PASSED] - setText(findTestObject("Object Repository/Page_Execute Automation/input_Login_Password"), findTestData("Datos importados/datos").getValue(2, rowNum)): Text 'nueva' is set on object 'Object Repository/Page_Execute Automation/input_Login_Password'

2019-01-17 09:56:40 - [MESSAGE][PASSED] - Text 'nueva' is set on object 'Object Repository/Page_Execute Automation/input_Login_Password'

2019-01-17 09:56:40 - [TEST_STEP][PASSED] - Thread.sleep(3000): null

2019-01-17 09:56:44 - [TEST_STEP][PASSED] - click(findTestObject("Object Repository/Page_Execute Automation/input_Login_Login")): Object: 'Object Repository/Page_Execute Automation/input_Login_Login' is clicked on

2019-01-17 09:56:44 - [MESSAGE][PASSED] - Object: 'Object Repository/Page_Execute Automation/input_Login_Login' is clicked on

2019-01-17 09:56:44 - [TEST_STEP][PASSED] - closeBrowser(): Browser is closed

2019-01-17 09:56:45 - [MESSAGE][PASSED] - Browser is closed

2019-01-17 09:56:45 - [TEST_STEP][PASSED] - verifyCheckpoint(findCheckpoint("Checkpoints/Checkpoint"), true): Checkpoint data and Source data are matched

2019-01-17 09:56:45 - [MESSAGE][PASSED] - Checkpoint data and Source data are matched]]></system-out>
         <system-err><![CDATA[]]></system-err>
      </testcase>
      <testcase name="Test Cases/Tests/Login nuevo - Copy" classname="Test Cases/Tests/Login nuevo - Copy" status="PASSED">
         <system-out><![CDATA[2019-01-17 09:56:45 - [TEST_CASE][PASSED] - Test Cases/Tests/Login nuevo - Copy: Test Cases/Tests/Login nuevo - Copy

2019-01-17 09:56:45 - [TEST_STEP][PASSED] - openBrowser(""): Browser is opened with url: ''

2019-01-17 09:56:45 - [MESSAGE][INFO] - Starting 'Chrome' driver

2019-01-17 09:56:47 - [MESSAGE][PASSED] - Browser is opened with url: ''

2019-01-17 09:56:47 - [TEST_STEP][PASSED] - navigateToUrl("http://executeautomation.com/demosite/Login.html"): Navigate to 'http://executeautomation.com/demosite/Login.html' successfully

2019-01-17 09:56:49 - [MESSAGE][PASSED] - Navigate to 'http://executeautomation.com/demosite/Login.html' successfully

2019-01-17 09:56:49 - [TEST_STEP][PASSED] - for ([rowNum = 1, rowNum <= findTestData("Datos importados/datos").getRowNumbers(), (rowNum++)]): null

2019-01-17 09:56:49 - [TEST_STEP][PASSED] - setText(findTestObject("Object Repository/Page_Execute Automation/input_Login_UserName"), findTestData("Datos importados/datos").getValue(1, rowNum)): Text 'admin' is set on object 'Object Repository/Page_Execute Automation/input_Login_UserName'

2019-01-17 09:56:49 - [MESSAGE][PASSED] - Text 'admin' is set on object 'Object Repository/Page_Execute Automation/input_Login_UserName'

2019-01-17 09:56:49 - [TEST_STEP][PASSED] - setText(findTestObject("Object Repository/Page_Execute Automation/input_Login_Password"), findTestData("Datos importados/datos").getValue(2, rowNum)): Text 'admin' is set on object 'Object Repository/Page_Execute Automation/input_Login_Password'

2019-01-17 09:56:49 - [MESSAGE][PASSED] - Text 'admin' is set on object 'Object Repository/Page_Execute Automation/input_Login_Password'

2019-01-17 09:56:49 - [TEST_STEP][PASSED] - Thread.sleep(3000): null

2019-01-17 09:56:52 - [TEST_STEP][PASSED] - setText(findTestObject("Object Repository/Page_Execute Automation/input_Login_UserName"), findTestData("Datos importados/datos").getValue(1, rowNum)): Text 'admin2' is set on object 'Object Repository/Page_Execute Automation/input_Login_UserName'

2019-01-17 09:56:52 - [MESSAGE][PASSED] - Text 'admin2' is set on object 'Object Repository/Page_Execute Automation/input_Login_UserName'

2019-01-17 09:56:52 - [TEST_STEP][PASSED] - setText(findTestObject("Object Repository/Page_Execute Automation/input_Login_Password"), findTestData("Datos importados/datos").getValue(2, rowNum)): Text 'admin2' is set on object 'Object Repository/Page_Execute Automation/input_Login_Password'

2019-01-17 09:56:53 - [MESSAGE][PASSED] - Text 'admin2' is set on object 'Object Repository/Page_Execute Automation/input_Login_Password'

2019-01-17 09:56:53 - [TEST_STEP][PASSED] - Thread.sleep(3000): null

2019-01-17 09:56:56 - [TEST_STEP][PASSED] - setText(findTestObject("Object Repository/Page_Execute Automation/input_Login_UserName"), findTestData("Datos importados/datos").getValue(1, rowNum)): Text 'pepe' is set on object 'Object Repository/Page_Execute Automation/input_Login_UserName'

2019-01-17 09:56:56 - [MESSAGE][PASSED] - Text 'pepe' is set on object 'Object Repository/Page_Execute Automation/input_Login_UserName'

2019-01-17 09:56:56 - [TEST_STEP][PASSED] - setText(findTestObject("Object Repository/Page_Execute Automation/input_Login_Password"), findTestData("Datos importados/datos").getValue(2, rowNum)): Text 'pass' is set on object 'Object Repository/Page_Execute Automation/input_Login_Password'

2019-01-17 09:56:56 - [MESSAGE][PASSED] - Text 'pass' is set on object 'Object Repository/Page_Execute Automation/input_Login_Password'

2019-01-17 09:56:56 - [TEST_STEP][PASSED] - Thread.sleep(3000): null

2019-01-17 09:56:59 - [TEST_STEP][PASSED] - setText(findTestObject("Object Repository/Page_Execute Automation/input_Login_UserName"), findTestData("Datos importados/datos").getValue(1, rowNum)): Text 'pepito' is set on object 'Object Repository/Page_Execute Automation/input_Login_UserName'

2019-01-17 09:56:59 - [MESSAGE][PASSED] - Text 'pepito' is set on object 'Object Repository/Page_Execute Automation/input_Login_UserName'

2019-01-17 09:56:59 - [TEST_STEP][PASSED] - setText(findTestObject("Object Repository/Page_Execute Automation/input_Login_Password"), findTestData("Datos importados/datos").getValue(2, rowNum)): Text 'nueva' is set on object 'Object Repository/Page_Execute Automation/input_Login_Password'

2019-01-17 09:56:59 - [MESSAGE][PASSED] - Text 'nueva' is set on object 'Object Repository/Page_Execute Automation/input_Login_Password'

2019-01-17 09:56:59 - [TEST_STEP][PASSED] - Thread.sleep(3000): null

2019-01-17 09:57:02 - [TEST_STEP][PASSED] - click(findTestObject("Object Repository/Page_Execute Automation/input_Login_Login")): Object: 'Object Repository/Page_Execute Automation/input_Login_Login' is clicked on

2019-01-17 09:57:03 - [MESSAGE][PASSED] - Object: 'Object Repository/Page_Execute Automation/input_Login_Login' is clicked on

2019-01-17 09:57:03 - [TEST_STEP][PASSED] - closeBrowser(): Browser is closed

2019-01-17 09:57:03 - [MESSAGE][PASSED] - Browser is closed

2019-01-17 09:57:03 - [TEST_STEP][PASSED] - verifyCheckpoint(findCheckpoint("Checkpoints/Checkpoint"), true): Checkpoint data and Source data are matched

2019-01-17 09:57:03 - [MESSAGE][PASSED] - Checkpoint data and Source data are matched]]></system-out>
         <system-err><![CDATA[]]></system-err>
      </testcase>
      <testcase name="Test Cases/Tests/Login nuevo - Copy" classname="Test Cases/Tests/Login nuevo - Copy" status="PASSED">
         <system-out><![CDATA[2019-01-17 09:57:03 - [TEST_CASE][PASSED] - Test Cases/Tests/Login nuevo - Copy: Test Cases/Tests/Login nuevo - Copy

2019-01-17 09:57:03 - [TEST_STEP][PASSED] - openBrowser(""): Browser is opened with url: ''

2019-01-17 09:57:03 - [MESSAGE][INFO] - Starting 'Chrome' driver

2019-01-17 09:57:06 - [MESSAGE][PASSED] - Browser is opened with url: ''

2019-01-17 09:57:06 - [TEST_STEP][PASSED] - navigateToUrl("http://executeautomation.com/demosite/Login.html"): Navigate to 'http://executeautomation.com/demosite/Login.html' successfully

2019-01-17 09:57:08 - [MESSAGE][PASSED] - Navigate to 'http://executeautomation.com/demosite/Login.html' successfully

2019-01-17 09:57:08 - [TEST_STEP][PASSED] - for ([rowNum = 1, rowNum <= findTestData("Datos importados/datos").getRowNumbers(), (rowNum++)]): null

2019-01-17 09:57:08 - [TEST_STEP][PASSED] - setText(findTestObject("Object Repository/Page_Execute Automation/input_Login_UserName"), findTestData("Datos importados/datos").getValue(1, rowNum)): Text 'admin' is set on object 'Object Repository/Page_Execute Automation/input_Login_UserName'

2019-01-17 09:57:08 - [MESSAGE][PASSED] - Text 'admin' is set on object 'Object Repository/Page_Execute Automation/input_Login_UserName'

2019-01-17 09:57:08 - [TEST_STEP][PASSED] - setText(findTestObject("Object Repository/Page_Execute Automation/input_Login_Password"), findTestData("Datos importados/datos").getValue(2, rowNum)): Text 'admin' is set on object 'Object Repository/Page_Execute Automation/input_Login_Password'

2019-01-17 09:57:08 - [MESSAGE][PASSED] - Text 'admin' is set on object 'Object Repository/Page_Execute Automation/input_Login_Password'

2019-01-17 09:57:08 - [TEST_STEP][PASSED] - Thread.sleep(3000): null

2019-01-17 09:57:11 - [TEST_STEP][PASSED] - setText(findTestObject("Object Repository/Page_Execute Automation/input_Login_UserName"), findTestData("Datos importados/datos").getValue(1, rowNum)): Text 'admin2' is set on object 'Object Repository/Page_Execute Automation/input_Login_UserName'

2019-01-17 09:57:11 - [MESSAGE][PASSED] - Text 'admin2' is set on object 'Object Repository/Page_Execute Automation/input_Login_UserName'

2019-01-17 09:57:11 - [TEST_STEP][PASSED] - setText(findTestObject("Object Repository/Page_Execute Automation/input_Login_Password"), findTestData("Datos importados/datos").getValue(2, rowNum)): Text 'admin2' is set on object 'Object Repository/Page_Execute Automation/input_Login_Password'

2019-01-17 09:57:11 - [MESSAGE][PASSED] - Text 'admin2' is set on object 'Object Repository/Page_Execute Automation/input_Login_Password'

2019-01-17 09:57:11 - [TEST_STEP][PASSED] - Thread.sleep(3000): null

2019-01-17 09:57:14 - [TEST_STEP][PASSED] - setText(findTestObject("Object Repository/Page_Execute Automation/input_Login_UserName"), findTestData("Datos importados/datos").getValue(1, rowNum)): Text 'pepe' is set on object 'Object Repository/Page_Execute Automation/input_Login_UserName'

2019-01-17 09:57:14 - [MESSAGE][PASSED] - Text 'pepe' is set on object 'Object Repository/Page_Execute Automation/input_Login_UserName'

2019-01-17 09:57:14 - [TEST_STEP][PASSED] - setText(findTestObject("Object Repository/Page_Execute Automation/input_Login_Password"), findTestData("Datos importados/datos").getValue(2, rowNum)): Text 'pass' is set on object 'Object Repository/Page_Execute Automation/input_Login_Password'

2019-01-17 09:57:14 - [MESSAGE][PASSED] - Text 'pass' is set on object 'Object Repository/Page_Execute Automation/input_Login_Password'

2019-01-17 09:57:14 - [TEST_STEP][PASSED] - Thread.sleep(3000): null

2019-01-17 09:57:17 - [TEST_STEP][PASSED] - setText(findTestObject("Object Repository/Page_Execute Automation/input_Login_UserName"), findTestData("Datos importados/datos").getValue(1, rowNum)): Text 'pepito' is set on object 'Object Repository/Page_Execute Automation/input_Login_UserName'

2019-01-17 09:57:17 - [MESSAGE][PASSED] - Text 'pepito' is set on object 'Object Repository/Page_Execute Automation/input_Login_UserName'

2019-01-17 09:57:17 - [TEST_STEP][PASSED] - setText(findTestObject("Object Repository/Page_Execute Automation/input_Login_Password"), findTestData("Datos importados/datos").getValue(2, rowNum)): Text 'nueva' is set on object 'Object Repository/Page_Execute Automation/input_Login_Password'

2019-01-17 09:57:17 - [MESSAGE][PASSED] - Text 'nueva' is set on object 'Object Repository/Page_Execute Automation/input_Login_Password'

2019-01-17 09:57:17 - [TEST_STEP][PASSED] - Thread.sleep(3000): null

2019-01-17 09:57:20 - [TEST_STEP][PASSED] - click(findTestObject("Object Repository/Page_Execute Automation/input_Login_Login")): Object: 'Object Repository/Page_Execute Automation/input_Login_Login' is clicked on

2019-01-17 09:57:21 - [MESSAGE][PASSED] - Object: 'Object Repository/Page_Execute Automation/input_Login_Login' is clicked on

2019-01-17 09:57:21 - [TEST_STEP][PASSED] - closeBrowser(): Browser is closed

2019-01-17 09:57:22 - [MESSAGE][PASSED] - Browser is closed

2019-01-17 09:57:22 - [TEST_STEP][PASSED] - verifyCheckpoint(findCheckpoint("Checkpoints/Checkpoint"), true): Checkpoint data and Source data are matched

2019-01-17 09:57:22 - [MESSAGE][PASSED] - Checkpoint data and Source data are matched]]></system-out>
         <system-err><![CDATA[]]></system-err>
      </testcase>
      <testcase name="Test Cases/Tests/Login nuevo - Copy" classname="Test Cases/Tests/Login nuevo - Copy" status="PASSED">
         <system-out><![CDATA[2019-01-17 09:57:22 - [TEST_CASE][PASSED] - Test Cases/Tests/Login nuevo - Copy: Test Cases/Tests/Login nuevo - Copy

2019-01-17 09:57:22 - [TEST_STEP][PASSED] - openBrowser(""): Browser is opened with url: ''

2019-01-17 09:57:22 - [MESSAGE][INFO] - Starting 'Chrome' driver

2019-01-17 09:57:24 - [MESSAGE][PASSED] - Browser is opened with url: ''

2019-01-17 09:57:24 - [TEST_STEP][PASSED] - navigateToUrl("http://executeautomation.com/demosite/Login.html"): Navigate to 'http://executeautomation.com/demosite/Login.html' successfully

2019-01-17 09:57:26 - [MESSAGE][PASSED] - Navigate to 'http://executeautomation.com/demosite/Login.html' successfully

2019-01-17 09:57:26 - [TEST_STEP][PASSED] - for ([rowNum = 1, rowNum <= findTestData("Datos importados/datos").getRowNumbers(), (rowNum++)]): null

2019-01-17 09:57:26 - [TEST_STEP][PASSED] - setText(findTestObject("Object Repository/Page_Execute Automation/input_Login_UserName"), findTestData("Datos importados/datos").getValue(1, rowNum)): Text 'admin' is set on object 'Object Repository/Page_Execute Automation/input_Login_UserName'

2019-01-17 09:57:26 - [MESSAGE][PASSED] - Text 'admin' is set on object 'Object Repository/Page_Execute Automation/input_Login_UserName'

2019-01-17 09:57:26 - [TEST_STEP][PASSED] - setText(findTestObject("Object Repository/Page_Execute Automation/input_Login_Password"), findTestData("Datos importados/datos").getValue(2, rowNum)): Text 'admin' is set on object 'Object Repository/Page_Execute Automation/input_Login_Password'

2019-01-17 09:57:26 - [MESSAGE][PASSED] - Text 'admin' is set on object 'Object Repository/Page_Execute Automation/input_Login_Password'

2019-01-17 09:57:26 - [TEST_STEP][PASSED] - Thread.sleep(3000): null

2019-01-17 09:57:29 - [TEST_STEP][PASSED] - setText(findTestObject("Object Repository/Page_Execute Automation/input_Login_UserName"), findTestData("Datos importados/datos").getValue(1, rowNum)): Text 'admin2' is set on object 'Object Repository/Page_Execute Automation/input_Login_UserName'

2019-01-17 09:57:29 - [MESSAGE][PASSED] - Text 'admin2' is set on object 'Object Repository/Page_Execute Automation/input_Login_UserName'

2019-01-17 09:57:29 - [TEST_STEP][PASSED] - setText(findTestObject("Object Repository/Page_Execute Automation/input_Login_Password"), findTestData("Datos importados/datos").getValue(2, rowNum)): Text 'admin2' is set on object 'Object Repository/Page_Execute Automation/input_Login_Password'

2019-01-17 09:57:29 - [MESSAGE][PASSED] - Text 'admin2' is set on object 'Object Repository/Page_Execute Automation/input_Login_Password'

2019-01-17 09:57:29 - [TEST_STEP][PASSED] - Thread.sleep(3000): null

2019-01-17 09:57:32 - [TEST_STEP][PASSED] - setText(findTestObject("Object Repository/Page_Execute Automation/input_Login_UserName"), findTestData("Datos importados/datos").getValue(1, rowNum)): Text 'pepe' is set on object 'Object Repository/Page_Execute Automation/input_Login_UserName'

2019-01-17 09:57:32 - [MESSAGE][PASSED] - Text 'pepe' is set on object 'Object Repository/Page_Execute Automation/input_Login_UserName'

2019-01-17 09:57:32 - [TEST_STEP][PASSED] - setText(findTestObject("Object Repository/Page_Execute Automation/input_Login_Password"), findTestData("Datos importados/datos").getValue(2, rowNum)): Text 'pass' is set on object 'Object Repository/Page_Execute Automation/input_Login_Password'

2019-01-17 09:57:32 - [MESSAGE][PASSED] - Text 'pass' is set on object 'Object Repository/Page_Execute Automation/input_Login_Password'

2019-01-17 09:57:32 - [TEST_STEP][PASSED] - Thread.sleep(3000): null

2019-01-17 09:57:35 - [TEST_STEP][PASSED] - setText(findTestObject("Object Repository/Page_Execute Automation/input_Login_UserName"), findTestData("Datos importados/datos").getValue(1, rowNum)): Text 'pepito' is set on object 'Object Repository/Page_Execute Automation/input_Login_UserName'

2019-01-17 09:57:35 - [MESSAGE][PASSED] - Text 'pepito' is set on object 'Object Repository/Page_Execute Automation/input_Login_UserName'

2019-01-17 09:57:35 - [TEST_STEP][PASSED] - setText(findTestObject("Object Repository/Page_Execute Automation/input_Login_Password"), findTestData("Datos importados/datos").getValue(2, rowNum)): Text 'nueva' is set on object 'Object Repository/Page_Execute Automation/input_Login_Password'

2019-01-17 09:57:35 - [MESSAGE][PASSED] - Text 'nueva' is set on object 'Object Repository/Page_Execute Automation/input_Login_Password'

2019-01-17 09:57:35 - [TEST_STEP][PASSED] - Thread.sleep(3000): null

2019-01-17 09:57:38 - [TEST_STEP][PASSED] - click(findTestObject("Object Repository/Page_Execute Automation/input_Login_Login")): Object: 'Object Repository/Page_Execute Automation/input_Login_Login' is clicked on

2019-01-17 09:57:39 - [MESSAGE][PASSED] - Object: 'Object Repository/Page_Execute Automation/input_Login_Login' is clicked on

2019-01-17 09:57:39 - [TEST_STEP][PASSED] - closeBrowser(): Browser is closed

2019-01-17 09:57:40 - [MESSAGE][PASSED] - Browser is closed

2019-01-17 09:57:40 - [TEST_STEP][PASSED] - verifyCheckpoint(findCheckpoint("Checkpoints/Checkpoint"), true): Checkpoint data and Source data are matched

2019-01-17 09:57:40 - [MESSAGE][PASSED] - Checkpoint data and Source data are matched]]></system-out>
         <system-err><![CDATA[]]></system-err>
      </testcase>
      <system-out><![CDATA[2019-01-17 09:56:24 - [TEST_SUITE][PASSED] - Test sobre web automation: Test Cases/Tests/Login nuevo - Copy]]></system-out>
      <system-err><![CDATA[]]></system-err>
   </testsuite>
</testsuites>
